[2024-11-11T21:17:47.291+0000] {processor.py:186} INFO - Started process (PID=3709) to work on /opt/airflow/dags/app.py
[2024-11-11T21:17:47.292+0000] {processor.py:914} INFO - Processing file /opt/airflow/dags/app.py for tasks to queue
[2024-11-11T21:17:47.296+0000] {logging_mixin.py:190} INFO - [2024-11-11T21:17:47.295+0000] {dagbag.py:588} INFO - Filling up the DagBag from /opt/airflow/dags/app.py
[2024-11-11T21:17:47.429+0000] {processor.py:925} INFO - DAG(s) 'fetch_and_store_amazon_books' retrieved from /opt/airflow/dags/app.py
[2024-11-11T21:17:47.505+0000] {logging_mixin.py:190} INFO - [2024-11-11T21:17:47.505+0000] {override.py:1911} INFO - Created Permission View: can edit on DAG:fetch_and_store_amazon_books
[2024-11-11T21:17:47.509+0000] {logging_mixin.py:190} INFO - [2024-11-11T21:17:47.509+0000] {override.py:1911} INFO - Created Permission View: can read on DAG:fetch_and_store_amazon_books
[2024-11-11T21:17:47.511+0000] {logging_mixin.py:190} INFO - [2024-11-11T21:17:47.511+0000] {override.py:1911} INFO - Created Permission View: can delete on DAG:fetch_and_store_amazon_books
[2024-11-11T21:17:47.513+0000] {logging_mixin.py:190} INFO - [2024-11-11T21:17:47.513+0000] {override.py:1911} INFO - Created Permission View: menu access on DAG Run:fetch_and_store_amazon_books
[2024-11-11T21:17:47.515+0000] {logging_mixin.py:190} INFO - [2024-11-11T21:17:47.515+0000] {override.py:1911} INFO - Created Permission View: can read on DAG Run:fetch_and_store_amazon_books
[2024-11-11T21:17:47.516+0000] {logging_mixin.py:190} INFO - [2024-11-11T21:17:47.516+0000] {override.py:1911} INFO - Created Permission View: can delete on DAG Run:fetch_and_store_amazon_books
[2024-11-11T21:17:47.518+0000] {logging_mixin.py:190} INFO - [2024-11-11T21:17:47.518+0000] {override.py:1911} INFO - Created Permission View: can create on DAG Run:fetch_and_store_amazon_books
[2024-11-11T21:17:47.518+0000] {logging_mixin.py:190} INFO - [2024-11-11T21:17:47.518+0000] {dag.py:3239} INFO - Sync 1 DAGs
[2024-11-11T21:17:47.524+0000] {logging_mixin.py:190} INFO - [2024-11-11T21:17:47.524+0000] {dag.py:3262} INFO - Creating ORM DAG for fetch_and_store_amazon_books
[2024-11-11T21:17:47.529+0000] {logging_mixin.py:190} INFO - [2024-11-11T21:17:47.529+0000] {dag.py:4180} INFO - Setting next_dagrun for fetch_and_store_amazon_books to 2024-06-20 00:00:00+00:00, run_after=2024-06-21 00:00:00+00:00
[2024-11-11T21:17:47.536+0000] {processor.py:208} INFO - Processing /opt/airflow/dags/app.py took 0.259 seconds
[2024-11-11T21:18:18.344+0000] {processor.py:186} INFO - Started process (PID=3773) to work on /opt/airflow/dags/app.py
[2024-11-11T21:18:18.346+0000] {processor.py:914} INFO - Processing file /opt/airflow/dags/app.py for tasks to queue
[2024-11-11T21:18:18.350+0000] {logging_mixin.py:190} INFO - [2024-11-11T21:18:18.350+0000] {dagbag.py:588} INFO - Filling up the DagBag from /opt/airflow/dags/app.py
[2024-11-11T21:18:18.429+0000] {processor.py:925} INFO - DAG(s) 'fetch_and_store_amazon_books' retrieved from /opt/airflow/dags/app.py
[2024-11-11T21:18:18.462+0000] {logging_mixin.py:190} INFO - [2024-11-11T21:18:18.462+0000] {dag.py:3239} INFO - Sync 1 DAGs
[2024-11-11T21:18:18.477+0000] {logging_mixin.py:190} INFO - [2024-11-11T21:18:18.477+0000] {dag.py:4180} INFO - Setting next_dagrun for fetch_and_store_amazon_books to 2024-06-20 00:00:00+00:00, run_after=2024-06-21 00:00:00+00:00
[2024-11-11T21:18:18.487+0000] {processor.py:208} INFO - Processing /opt/airflow/dags/app.py took 0.156 seconds
[2024-11-11T21:18:48.964+0000] {processor.py:186} INFO - Started process (PID=3837) to work on /opt/airflow/dags/app.py
[2024-11-11T21:18:48.965+0000] {processor.py:914} INFO - Processing file /opt/airflow/dags/app.py for tasks to queue
[2024-11-11T21:18:48.969+0000] {logging_mixin.py:190} INFO - [2024-11-11T21:18:48.969+0000] {dagbag.py:588} INFO - Filling up the DagBag from /opt/airflow/dags/app.py
[2024-11-11T21:18:49.055+0000] {processor.py:925} INFO - DAG(s) 'fetch_and_store_amazon_books' retrieved from /opt/airflow/dags/app.py
[2024-11-11T21:18:49.077+0000] {logging_mixin.py:190} INFO - [2024-11-11T21:18:49.077+0000] {dag.py:3239} INFO - Sync 1 DAGs
[2024-11-11T21:18:49.091+0000] {logging_mixin.py:190} INFO - [2024-11-11T21:18:49.091+0000] {dag.py:4180} INFO - Setting next_dagrun for fetch_and_store_amazon_books to 2024-06-20 00:00:00+00:00, run_after=2024-06-21 00:00:00+00:00
[2024-11-11T21:18:49.108+0000] {processor.py:208} INFO - Processing /opt/airflow/dags/app.py took 0.153 seconds
[2024-11-11T21:19:19.728+0000] {processor.py:186} INFO - Started process (PID=3901) to work on /opt/airflow/dags/app.py
[2024-11-11T21:19:19.730+0000] {processor.py:914} INFO - Processing file /opt/airflow/dags/app.py for tasks to queue
[2024-11-11T21:19:19.745+0000] {logging_mixin.py:190} INFO - [2024-11-11T21:19:19.742+0000] {dagbag.py:588} INFO - Filling up the DagBag from /opt/airflow/dags/app.py
[2024-11-11T21:19:19.805+0000] {processor.py:925} INFO - DAG(s) 'fetch_and_store_amazon_books' retrieved from /opt/airflow/dags/app.py
[2024-11-11T21:19:19.833+0000] {logging_mixin.py:190} INFO - [2024-11-11T21:19:19.833+0000] {dag.py:3239} INFO - Sync 1 DAGs
[2024-11-11T21:19:19.854+0000] {logging_mixin.py:190} INFO - [2024-11-11T21:19:19.854+0000] {dag.py:4180} INFO - Setting next_dagrun for fetch_and_store_amazon_books to 2024-06-20 00:00:00+00:00, run_after=2024-06-21 00:00:00+00:00
[2024-11-11T21:19:19.865+0000] {processor.py:208} INFO - Processing /opt/airflow/dags/app.py took 0.145 seconds
[2024-11-11T21:19:50.035+0000] {processor.py:186} INFO - Started process (PID=3965) to work on /opt/airflow/dags/app.py
[2024-11-11T21:19:50.038+0000] {processor.py:914} INFO - Processing file /opt/airflow/dags/app.py for tasks to queue
[2024-11-11T21:19:50.044+0000] {logging_mixin.py:190} INFO - [2024-11-11T21:19:50.043+0000] {dagbag.py:588} INFO - Filling up the DagBag from /opt/airflow/dags/app.py
[2024-11-11T21:19:50.106+0000] {processor.py:925} INFO - DAG(s) 'fetch_and_store_amazon_books' retrieved from /opt/airflow/dags/app.py
[2024-11-11T21:19:50.125+0000] {logging_mixin.py:190} INFO - [2024-11-11T21:19:50.125+0000] {dag.py:3239} INFO - Sync 1 DAGs
[2024-11-11T21:19:50.153+0000] {logging_mixin.py:190} INFO - [2024-11-11T21:19:50.153+0000] {dag.py:4180} INFO - Setting next_dagrun for fetch_and_store_amazon_books to 2024-06-20 00:00:00+00:00, run_after=2024-06-21 00:00:00+00:00
[2024-11-11T21:19:50.163+0000] {processor.py:208} INFO - Processing /opt/airflow/dags/app.py took 0.150 seconds
[2024-11-11T21:20:20.480+0000] {processor.py:186} INFO - Started process (PID=4029) to work on /opt/airflow/dags/app.py
[2024-11-11T21:20:20.483+0000] {processor.py:914} INFO - Processing file /opt/airflow/dags/app.py for tasks to queue
[2024-11-11T21:20:20.488+0000] {logging_mixin.py:190} INFO - [2024-11-11T21:20:20.487+0000] {dagbag.py:588} INFO - Filling up the DagBag from /opt/airflow/dags/app.py
[2024-11-11T21:20:20.547+0000] {processor.py:925} INFO - DAG(s) 'fetch_and_store_amazon_books' retrieved from /opt/airflow/dags/app.py
[2024-11-11T21:20:20.576+0000] {logging_mixin.py:190} INFO - [2024-11-11T21:20:20.576+0000] {dag.py:3239} INFO - Sync 1 DAGs
[2024-11-11T21:20:20.591+0000] {logging_mixin.py:190} INFO - [2024-11-11T21:20:20.591+0000] {dag.py:4180} INFO - Setting next_dagrun for fetch_and_store_amazon_books to 2024-06-20 00:00:00+00:00, run_after=2024-06-21 00:00:00+00:00
[2024-11-11T21:20:20.601+0000] {processor.py:208} INFO - Processing /opt/airflow/dags/app.py took 0.133 seconds
[2024-11-11T21:20:50.758+0000] {processor.py:186} INFO - Started process (PID=4093) to work on /opt/airflow/dags/app.py
[2024-11-11T21:20:50.760+0000] {processor.py:914} INFO - Processing file /opt/airflow/dags/app.py for tasks to queue
[2024-11-11T21:20:50.763+0000] {logging_mixin.py:190} INFO - [2024-11-11T21:20:50.763+0000] {dagbag.py:588} INFO - Filling up the DagBag from /opt/airflow/dags/app.py
[2024-11-11T21:20:50.837+0000] {processor.py:925} INFO - DAG(s) 'fetch_and_store_amazon_books' retrieved from /opt/airflow/dags/app.py
[2024-11-11T21:20:50.867+0000] {logging_mixin.py:190} INFO - [2024-11-11T21:20:50.866+0000] {dag.py:3239} INFO - Sync 1 DAGs
[2024-11-11T21:20:50.881+0000] {logging_mixin.py:190} INFO - [2024-11-11T21:20:50.881+0000] {dag.py:4180} INFO - Setting next_dagrun for fetch_and_store_amazon_books to 2024-06-20 00:00:00+00:00, run_after=2024-06-21 00:00:00+00:00
[2024-11-11T21:20:50.890+0000] {processor.py:208} INFO - Processing /opt/airflow/dags/app.py took 0.140 seconds
[2024-11-11T21:21:21.724+0000] {processor.py:186} INFO - Started process (PID=4157) to work on /opt/airflow/dags/app.py
[2024-11-11T21:21:21.726+0000] {processor.py:914} INFO - Processing file /opt/airflow/dags/app.py for tasks to queue
[2024-11-11T21:21:21.731+0000] {logging_mixin.py:190} INFO - [2024-11-11T21:21:21.730+0000] {dagbag.py:588} INFO - Filling up the DagBag from /opt/airflow/dags/app.py
[2024-11-11T21:21:21.823+0000] {processor.py:925} INFO - DAG(s) 'fetch_and_store_amazon_books' retrieved from /opt/airflow/dags/app.py
[2024-11-11T21:21:21.844+0000] {logging_mixin.py:190} INFO - [2024-11-11T21:21:21.844+0000] {dag.py:3239} INFO - Sync 1 DAGs
[2024-11-11T21:21:21.859+0000] {logging_mixin.py:190} INFO - [2024-11-11T21:21:21.859+0000] {dag.py:4180} INFO - Setting next_dagrun for fetch_and_store_amazon_books to 2024-06-20 00:00:00+00:00, run_after=2024-06-21 00:00:00+00:00
[2024-11-11T21:21:21.868+0000] {processor.py:208} INFO - Processing /opt/airflow/dags/app.py took 0.159 seconds
[2024-11-11T21:21:52.252+0000] {processor.py:186} INFO - Started process (PID=4221) to work on /opt/airflow/dags/app.py
[2024-11-11T21:21:52.258+0000] {processor.py:914} INFO - Processing file /opt/airflow/dags/app.py for tasks to queue
[2024-11-11T21:21:52.283+0000] {logging_mixin.py:190} INFO - [2024-11-11T21:21:52.279+0000] {dagbag.py:588} INFO - Filling up the DagBag from /opt/airflow/dags/app.py
[2024-11-11T21:21:52.422+0000] {processor.py:925} INFO - DAG(s) 'fetch_and_store_amazon_books' retrieved from /opt/airflow/dags/app.py
[2024-11-11T21:21:52.464+0000] {logging_mixin.py:190} INFO - [2024-11-11T21:21:52.464+0000] {dag.py:3239} INFO - Sync 1 DAGs
[2024-11-11T21:21:52.483+0000] {logging_mixin.py:190} INFO - [2024-11-11T21:21:52.483+0000] {dag.py:4180} INFO - Setting next_dagrun for fetch_and_store_amazon_books to 2024-06-20 00:00:00+00:00, run_after=2024-06-21 00:00:00+00:00
[2024-11-11T21:21:52.492+0000] {processor.py:208} INFO - Processing /opt/airflow/dags/app.py took 0.267 seconds
[2024-11-11T21:22:22.703+0000] {processor.py:186} INFO - Started process (PID=4285) to work on /opt/airflow/dags/app.py
[2024-11-11T21:22:22.706+0000] {processor.py:914} INFO - Processing file /opt/airflow/dags/app.py for tasks to queue
[2024-11-11T21:22:22.722+0000] {logging_mixin.py:190} INFO - [2024-11-11T21:22:22.717+0000] {dagbag.py:588} INFO - Filling up the DagBag from /opt/airflow/dags/app.py
[2024-11-11T21:22:22.824+0000] {processor.py:925} INFO - DAG(s) 'fetch_and_store_amazon_books' retrieved from /opt/airflow/dags/app.py
[2024-11-11T21:22:22.854+0000] {logging_mixin.py:190} INFO - [2024-11-11T21:22:22.854+0000] {dag.py:3239} INFO - Sync 1 DAGs
[2024-11-11T21:22:22.886+0000] {logging_mixin.py:190} INFO - [2024-11-11T21:22:22.886+0000] {dag.py:4180} INFO - Setting next_dagrun for fetch_and_store_amazon_books to 2024-06-20 00:00:00+00:00, run_after=2024-06-21 00:00:00+00:00
[2024-11-11T21:22:22.900+0000] {processor.py:208} INFO - Processing /opt/airflow/dags/app.py took 0.216 seconds
[2024-11-11T21:22:53.051+0000] {processor.py:186} INFO - Started process (PID=4349) to work on /opt/airflow/dags/app.py
[2024-11-11T21:22:53.055+0000] {processor.py:914} INFO - Processing file /opt/airflow/dags/app.py for tasks to queue
[2024-11-11T21:22:53.060+0000] {logging_mixin.py:190} INFO - [2024-11-11T21:22:53.060+0000] {dagbag.py:588} INFO - Filling up the DagBag from /opt/airflow/dags/app.py
[2024-11-11T21:22:53.144+0000] {processor.py:925} INFO - DAG(s) 'fetch_and_store_amazon_books' retrieved from /opt/airflow/dags/app.py
[2024-11-11T21:22:53.164+0000] {logging_mixin.py:190} INFO - [2024-11-11T21:22:53.164+0000] {dag.py:3239} INFO - Sync 1 DAGs
[2024-11-11T21:22:53.181+0000] {logging_mixin.py:190} INFO - [2024-11-11T21:22:53.181+0000] {dag.py:4180} INFO - Setting next_dagrun for fetch_and_store_amazon_books to 2024-06-20 00:00:00+00:00, run_after=2024-06-21 00:00:00+00:00
[2024-11-11T21:22:53.190+0000] {processor.py:208} INFO - Processing /opt/airflow/dags/app.py took 0.170 seconds
[2024-11-11T21:23:23.576+0000] {processor.py:186} INFO - Started process (PID=4413) to work on /opt/airflow/dags/app.py
[2024-11-11T21:23:23.578+0000] {processor.py:914} INFO - Processing file /opt/airflow/dags/app.py for tasks to queue
[2024-11-11T21:23:23.583+0000] {logging_mixin.py:190} INFO - [2024-11-11T21:23:23.583+0000] {dagbag.py:588} INFO - Filling up the DagBag from /opt/airflow/dags/app.py
[2024-11-11T21:23:23.672+0000] {processor.py:925} INFO - DAG(s) 'fetch_and_store_amazon_books' retrieved from /opt/airflow/dags/app.py
[2024-11-11T21:23:23.691+0000] {logging_mixin.py:190} INFO - [2024-11-11T21:23:23.691+0000] {dag.py:3239} INFO - Sync 1 DAGs
[2024-11-11T21:23:23.706+0000] {logging_mixin.py:190} INFO - [2024-11-11T21:23:23.706+0000] {dag.py:4180} INFO - Setting next_dagrun for fetch_and_store_amazon_books to 2024-06-20 00:00:00+00:00, run_after=2024-06-21 00:00:00+00:00
[2024-11-11T21:23:23.728+0000] {processor.py:208} INFO - Processing /opt/airflow/dags/app.py took 0.165 seconds
[2024-11-11T21:23:54.261+0000] {processor.py:186} INFO - Started process (PID=4477) to work on /opt/airflow/dags/app.py
[2024-11-11T21:23:54.263+0000] {processor.py:914} INFO - Processing file /opt/airflow/dags/app.py for tasks to queue
[2024-11-11T21:23:54.267+0000] {logging_mixin.py:190} INFO - [2024-11-11T21:23:54.267+0000] {dagbag.py:588} INFO - Filling up the DagBag from /opt/airflow/dags/app.py
[2024-11-11T21:23:54.349+0000] {processor.py:925} INFO - DAG(s) 'fetch_and_store_amazon_books' retrieved from /opt/airflow/dags/app.py
[2024-11-11T21:23:54.378+0000] {logging_mixin.py:190} INFO - [2024-11-11T21:23:54.378+0000] {dag.py:3239} INFO - Sync 1 DAGs
[2024-11-11T21:23:54.395+0000] {logging_mixin.py:190} INFO - [2024-11-11T21:23:54.395+0000] {dag.py:4180} INFO - Setting next_dagrun for fetch_and_store_amazon_books to 2024-06-20 00:00:00+00:00, run_after=2024-06-21 00:00:00+00:00
[2024-11-11T21:23:54.404+0000] {processor.py:208} INFO - Processing /opt/airflow/dags/app.py took 0.154 seconds
[2024-11-11T21:24:24.897+0000] {processor.py:186} INFO - Started process (PID=4541) to work on /opt/airflow/dags/app.py
[2024-11-11T21:24:24.900+0000] {processor.py:914} INFO - Processing file /opt/airflow/dags/app.py for tasks to queue
[2024-11-11T21:24:24.903+0000] {logging_mixin.py:190} INFO - [2024-11-11T21:24:24.903+0000] {dagbag.py:588} INFO - Filling up the DagBag from /opt/airflow/dags/app.py
[2024-11-11T21:24:24.998+0000] {processor.py:925} INFO - DAG(s) 'fetch_and_store_amazon_books' retrieved from /opt/airflow/dags/app.py
[2024-11-11T21:24:25.023+0000] {logging_mixin.py:190} INFO - [2024-11-11T21:24:25.022+0000] {dag.py:3239} INFO - Sync 1 DAGs
[2024-11-11T21:24:25.042+0000] {logging_mixin.py:190} INFO - [2024-11-11T21:24:25.042+0000] {dag.py:4180} INFO - Setting next_dagrun for fetch_and_store_amazon_books to 2024-06-20 00:00:00+00:00, run_after=2024-06-21 00:00:00+00:00
[2024-11-11T21:24:25.052+0000] {processor.py:208} INFO - Processing /opt/airflow/dags/app.py took 0.166 seconds
[2024-11-11T21:24:55.504+0000] {processor.py:186} INFO - Started process (PID=4605) to work on /opt/airflow/dags/app.py
[2024-11-11T21:24:55.506+0000] {processor.py:914} INFO - Processing file /opt/airflow/dags/app.py for tasks to queue
[2024-11-11T21:24:55.511+0000] {logging_mixin.py:190} INFO - [2024-11-11T21:24:55.511+0000] {dagbag.py:588} INFO - Filling up the DagBag from /opt/airflow/dags/app.py
[2024-11-11T21:24:55.606+0000] {processor.py:925} INFO - DAG(s) 'fetch_and_store_amazon_books' retrieved from /opt/airflow/dags/app.py
[2024-11-11T21:24:55.642+0000] {logging_mixin.py:190} INFO - [2024-11-11T21:24:55.641+0000] {dag.py:3239} INFO - Sync 1 DAGs
[2024-11-11T21:24:55.658+0000] {logging_mixin.py:190} INFO - [2024-11-11T21:24:55.657+0000] {dag.py:4180} INFO - Setting next_dagrun for fetch_and_store_amazon_books to 2024-06-20 00:00:00+00:00, run_after=2024-06-21 00:00:00+00:00
[2024-11-11T21:24:55.668+0000] {processor.py:208} INFO - Processing /opt/airflow/dags/app.py took 0.192 seconds
[2024-11-11T21:25:16.193+0000] {processor.py:186} INFO - Started process (PID=4669) to work on /opt/airflow/dags/app.py
[2024-11-11T21:25:16.195+0000] {processor.py:914} INFO - Processing file /opt/airflow/dags/app.py for tasks to queue
[2024-11-11T21:25:16.201+0000] {logging_mixin.py:190} INFO - [2024-11-11T21:25:16.200+0000] {dagbag.py:588} INFO - Filling up the DagBag from /opt/airflow/dags/app.py
[2024-11-11T21:25:16.274+0000] {processor.py:925} INFO - DAG(s) 'fetch_and_store_amazon_books' retrieved from /opt/airflow/dags/app.py
[2024-11-11T21:25:16.288+0000] {logging_mixin.py:190} INFO - [2024-11-11T21:25:16.288+0000] {dag.py:3239} INFO - Sync 1 DAGs
[2024-11-11T21:25:16.301+0000] {logging_mixin.py:190} INFO - [2024-11-11T21:25:16.301+0000] {dag.py:4180} INFO - Setting next_dagrun for fetch_and_store_amazon_books to 2024-06-20 00:00:00+00:00, run_after=2024-06-21 00:00:00+00:00
[2024-11-11T21:25:16.309+0000] {processor.py:208} INFO - Processing /opt/airflow/dags/app.py took 0.140 seconds
[2024-11-11T21:25:46.804+0000] {processor.py:186} INFO - Started process (PID=4733) to work on /opt/airflow/dags/app.py
[2024-11-11T21:25:46.805+0000] {processor.py:914} INFO - Processing file /opt/airflow/dags/app.py for tasks to queue
[2024-11-11T21:25:46.810+0000] {logging_mixin.py:190} INFO - [2024-11-11T21:25:46.809+0000] {dagbag.py:588} INFO - Filling up the DagBag from /opt/airflow/dags/app.py
[2024-11-11T21:25:46.907+0000] {processor.py:925} INFO - DAG(s) 'fetch_and_store_amazon_books' retrieved from /opt/airflow/dags/app.py
[2024-11-11T21:25:46.928+0000] {logging_mixin.py:190} INFO - [2024-11-11T21:25:46.928+0000] {dag.py:3239} INFO - Sync 1 DAGs
[2024-11-11T21:25:46.956+0000] {logging_mixin.py:190} INFO - [2024-11-11T21:25:46.956+0000] {dag.py:4180} INFO - Setting next_dagrun for fetch_and_store_amazon_books to 2024-06-20 00:00:00+00:00, run_after=2024-06-21 00:00:00+00:00
[2024-11-11T21:25:46.968+0000] {processor.py:208} INFO - Processing /opt/airflow/dags/app.py took 0.171 seconds
[2024-11-11T21:26:17.643+0000] {processor.py:186} INFO - Started process (PID=4795) to work on /opt/airflow/dags/app.py
[2024-11-11T21:26:17.648+0000] {processor.py:914} INFO - Processing file /opt/airflow/dags/app.py for tasks to queue
[2024-11-11T21:26:17.657+0000] {logging_mixin.py:190} INFO - [2024-11-11T21:26:17.656+0000] {dagbag.py:588} INFO - Filling up the DagBag from /opt/airflow/dags/app.py
[2024-11-11T21:26:17.734+0000] {processor.py:925} INFO - DAG(s) 'fetch_and_store_amazon_books' retrieved from /opt/airflow/dags/app.py
[2024-11-11T21:26:17.769+0000] {logging_mixin.py:190} INFO - [2024-11-11T21:26:17.769+0000] {dag.py:3239} INFO - Sync 1 DAGs
[2024-11-11T21:26:17.787+0000] {logging_mixin.py:190} INFO - [2024-11-11T21:26:17.786+0000] {dag.py:4180} INFO - Setting next_dagrun for fetch_and_store_amazon_books to 2024-06-20 00:00:00+00:00, run_after=2024-06-21 00:00:00+00:00
[2024-11-11T21:26:17.797+0000] {processor.py:208} INFO - Processing /opt/airflow/dags/app.py took 0.187 seconds
[2024-11-11T21:26:48.578+0000] {processor.py:186} INFO - Started process (PID=4859) to work on /opt/airflow/dags/app.py
[2024-11-11T21:26:48.580+0000] {processor.py:914} INFO - Processing file /opt/airflow/dags/app.py for tasks to queue
[2024-11-11T21:26:48.585+0000] {logging_mixin.py:190} INFO - [2024-11-11T21:26:48.584+0000] {dagbag.py:588} INFO - Filling up the DagBag from /opt/airflow/dags/app.py
[2024-11-11T21:26:48.659+0000] {processor.py:925} INFO - DAG(s) 'fetch_and_store_amazon_books' retrieved from /opt/airflow/dags/app.py
[2024-11-11T21:26:48.678+0000] {logging_mixin.py:190} INFO - [2024-11-11T21:26:48.677+0000] {dag.py:3239} INFO - Sync 1 DAGs
[2024-11-11T21:26:48.692+0000] {logging_mixin.py:190} INFO - [2024-11-11T21:26:48.692+0000] {dag.py:4180} INFO - Setting next_dagrun for fetch_and_store_amazon_books to 2024-06-20 00:00:00+00:00, run_after=2024-06-21 00:00:00+00:00
[2024-11-11T21:26:48.701+0000] {processor.py:208} INFO - Processing /opt/airflow/dags/app.py took 0.133 seconds
[2024-11-11T21:27:19.758+0000] {processor.py:186} INFO - Started process (PID=4923) to work on /opt/airflow/dags/app.py
[2024-11-11T21:27:19.759+0000] {processor.py:914} INFO - Processing file /opt/airflow/dags/app.py for tasks to queue
[2024-11-11T21:27:19.764+0000] {logging_mixin.py:190} INFO - [2024-11-11T21:27:19.763+0000] {dagbag.py:588} INFO - Filling up the DagBag from /opt/airflow/dags/app.py
[2024-11-11T21:27:19.873+0000] {processor.py:925} INFO - DAG(s) 'fetch_and_store_amazon_books' retrieved from /opt/airflow/dags/app.py
[2024-11-11T21:27:19.893+0000] {logging_mixin.py:190} INFO - [2024-11-11T21:27:19.893+0000] {dag.py:3239} INFO - Sync 1 DAGs
[2024-11-11T21:27:19.908+0000] {logging_mixin.py:190} INFO - [2024-11-11T21:27:19.908+0000] {dag.py:4180} INFO - Setting next_dagrun for fetch_and_store_amazon_books to 2024-06-20 00:00:00+00:00, run_after=2024-06-21 00:00:00+00:00
[2024-11-11T21:27:19.918+0000] {processor.py:208} INFO - Processing /opt/airflow/dags/app.py took 0.171 seconds
[2024-11-11T21:27:50.918+0000] {processor.py:186} INFO - Started process (PID=4987) to work on /opt/airflow/dags/app.py
[2024-11-11T21:27:50.921+0000] {processor.py:914} INFO - Processing file /opt/airflow/dags/app.py for tasks to queue
[2024-11-11T21:27:50.929+0000] {logging_mixin.py:190} INFO - [2024-11-11T21:27:50.928+0000] {dagbag.py:588} INFO - Filling up the DagBag from /opt/airflow/dags/app.py
[2024-11-11T21:27:51.005+0000] {processor.py:925} INFO - DAG(s) 'fetch_and_store_amazon_books' retrieved from /opt/airflow/dags/app.py
[2024-11-11T21:27:51.027+0000] {logging_mixin.py:190} INFO - [2024-11-11T21:27:51.027+0000] {dag.py:3239} INFO - Sync 1 DAGs
[2024-11-11T21:27:51.042+0000] {logging_mixin.py:190} INFO - [2024-11-11T21:27:51.041+0000] {dag.py:4180} INFO - Setting next_dagrun for fetch_and_store_amazon_books to 2024-06-20 00:00:00+00:00, run_after=2024-06-21 00:00:00+00:00
[2024-11-11T21:27:51.050+0000] {processor.py:208} INFO - Processing /opt/airflow/dags/app.py took 0.158 seconds
[2024-11-11T21:28:21.433+0000] {processor.py:186} INFO - Started process (PID=5051) to work on /opt/airflow/dags/app.py
[2024-11-11T21:28:21.435+0000] {processor.py:914} INFO - Processing file /opt/airflow/dags/app.py for tasks to queue
[2024-11-11T21:28:21.439+0000] {logging_mixin.py:190} INFO - [2024-11-11T21:28:21.438+0000] {dagbag.py:588} INFO - Filling up the DagBag from /opt/airflow/dags/app.py
[2024-11-11T21:28:21.517+0000] {processor.py:925} INFO - DAG(s) 'fetch_and_store_amazon_books' retrieved from /opt/airflow/dags/app.py
[2024-11-11T21:28:21.545+0000] {logging_mixin.py:190} INFO - [2024-11-11T21:28:21.545+0000] {dag.py:3239} INFO - Sync 1 DAGs
[2024-11-11T21:28:21.562+0000] {logging_mixin.py:190} INFO - [2024-11-11T21:28:21.562+0000] {dag.py:4180} INFO - Setting next_dagrun for fetch_and_store_amazon_books to 2024-06-20 00:00:00+00:00, run_after=2024-06-21 00:00:00+00:00
[2024-11-11T21:28:21.571+0000] {processor.py:208} INFO - Processing /opt/airflow/dags/app.py took 0.176 seconds
[2024-11-11T21:28:52.014+0000] {processor.py:186} INFO - Started process (PID=5115) to work on /opt/airflow/dags/app.py
[2024-11-11T21:28:52.016+0000] {processor.py:914} INFO - Processing file /opt/airflow/dags/app.py for tasks to queue
[2024-11-11T21:28:52.020+0000] {logging_mixin.py:190} INFO - [2024-11-11T21:28:52.019+0000] {dagbag.py:588} INFO - Filling up the DagBag from /opt/airflow/dags/app.py
[2024-11-11T21:28:52.119+0000] {processor.py:925} INFO - DAG(s) 'fetch_and_store_amazon_books' retrieved from /opt/airflow/dags/app.py
[2024-11-11T21:28:52.174+0000] {logging_mixin.py:190} INFO - [2024-11-11T21:28:52.174+0000] {dag.py:3239} INFO - Sync 1 DAGs
[2024-11-11T21:28:52.218+0000] {logging_mixin.py:190} INFO - [2024-11-11T21:28:52.217+0000] {dag.py:4180} INFO - Setting next_dagrun for fetch_and_store_amazon_books to 2024-06-20 00:00:00+00:00, run_after=2024-06-21 00:00:00+00:00
[2024-11-11T21:28:52.236+0000] {processor.py:208} INFO - Processing /opt/airflow/dags/app.py took 0.252 seconds
[2024-11-11T21:29:23.768+0000] {processor.py:186} INFO - Started process (PID=5148) to work on /opt/airflow/dags/app.py
[2024-11-11T21:29:23.770+0000] {processor.py:914} INFO - Processing file /opt/airflow/dags/app.py for tasks to queue
[2024-11-11T21:29:23.780+0000] {logging_mixin.py:190} INFO - [2024-11-11T21:29:23.779+0000] {dagbag.py:588} INFO - Filling up the DagBag from /opt/airflow/dags/app.py
[2024-11-11T21:29:25.526+0000] {processor.py:925} INFO - DAG(s) 'fetch_and_store_amazon_books' retrieved from /opt/airflow/dags/app.py
[2024-11-11T21:29:25.618+0000] {logging_mixin.py:190} INFO - [2024-11-11T21:29:25.617+0000] {dag.py:3239} INFO - Sync 1 DAGs
[2024-11-11T21:29:25.722+0000] {processor.py:208} INFO - Processing /opt/airflow/dags/app.py took 2.113 seconds
[2024-11-11T21:30:52.352+0000] {processor.py:186} INFO - Started process (PID=5208) to work on /opt/airflow/dags/app.py
[2024-11-11T21:30:52.355+0000] {processor.py:914} INFO - Processing file /opt/airflow/dags/app.py for tasks to queue
[2024-11-11T21:30:52.362+0000] {logging_mixin.py:190} INFO - [2024-11-11T21:30:52.362+0000] {dagbag.py:588} INFO - Filling up the DagBag from /opt/airflow/dags/app.py
[2024-11-11T21:30:53.626+0000] {processor.py:925} INFO - DAG(s) 'fetch_and_store_amazon_books' retrieved from /opt/airflow/dags/app.py
[2024-11-11T21:30:54.020+0000] {logging_mixin.py:190} INFO - [2024-11-11T21:30:54.013+0000] {dag.py:3239} INFO - Sync 1 DAGs
[2024-11-11T21:30:54.585+0000] {processor.py:208} INFO - Processing /opt/airflow/dags/app.py took 2.281 seconds
[2024-11-11T21:33:57.686+0000] {processor.py:186} INFO - Started process (PID=5281) to work on /opt/airflow/dags/app.py
[2024-11-11T21:33:57.745+0000] {processor.py:914} INFO - Processing file /opt/airflow/dags/app.py for tasks to queue
[2024-11-11T21:33:57.911+0000] {logging_mixin.py:190} INFO - [2024-11-11T21:33:57.833+0000] {dagbag.py:588} INFO - Filling up the DagBag from /opt/airflow/dags/app.py
[2024-11-11T21:35:15.850+0000] {processor.py:186} INFO - Started process (PID=34) to work on /opt/airflow/dags/app.py
[2024-11-11T21:35:15.857+0000] {processor.py:914} INFO - Processing file /opt/airflow/dags/app.py for tasks to queue
[2024-11-11T21:35:15.872+0000] {logging_mixin.py:190} INFO - [2024-11-11T21:35:15.872+0000] {dagbag.py:588} INFO - Filling up the DagBag from /opt/airflow/dags/app.py
[2024-11-11T21:35:16.173+0000] {processor.py:925} INFO - DAG(s) 'fetch_and_store_amazon_books' retrieved from /opt/airflow/dags/app.py
[2024-11-11T21:35:16.211+0000] {logging_mixin.py:190} INFO - [2024-11-11T21:35:16.210+0000] {dag.py:3239} INFO - Sync 1 DAGs
[2024-11-11T21:35:16.251+0000] {processor.py:208} INFO - Processing /opt/airflow/dags/app.py took 0.453 seconds
[2024-11-11T21:35:46.388+0000] {processor.py:186} INFO - Started process (PID=97) to work on /opt/airflow/dags/app.py
[2024-11-11T21:35:46.390+0000] {processor.py:914} INFO - Processing file /opt/airflow/dags/app.py for tasks to queue
[2024-11-11T21:35:46.405+0000] {logging_mixin.py:190} INFO - [2024-11-11T21:35:46.404+0000] {dagbag.py:588} INFO - Filling up the DagBag from /opt/airflow/dags/app.py
[2024-11-11T21:35:46.617+0000] {processor.py:925} INFO - DAG(s) 'fetch_and_store_amazon_books' retrieved from /opt/airflow/dags/app.py
[2024-11-11T21:35:46.634+0000] {logging_mixin.py:190} INFO - [2024-11-11T21:35:46.634+0000] {dag.py:3239} INFO - Sync 1 DAGs
[2024-11-11T21:35:46.667+0000] {processor.py:208} INFO - Processing /opt/airflow/dags/app.py took 0.296 seconds
[2024-11-11T21:36:16.803+0000] {processor.py:186} INFO - Started process (PID=163) to work on /opt/airflow/dags/app.py
[2024-11-11T21:36:16.803+0000] {processor.py:914} INFO - Processing file /opt/airflow/dags/app.py for tasks to queue
[2024-11-11T21:36:16.805+0000] {logging_mixin.py:190} INFO - [2024-11-11T21:36:16.804+0000] {dagbag.py:588} INFO - Filling up the DagBag from /opt/airflow/dags/app.py
[2024-11-11T21:36:16.914+0000] {processor.py:925} INFO - DAG(s) 'fetch_and_store_amazon_books' retrieved from /opt/airflow/dags/app.py
[2024-11-11T21:36:16.924+0000] {logging_mixin.py:190} INFO - [2024-11-11T21:36:16.924+0000] {dag.py:3239} INFO - Sync 1 DAGs
[2024-11-11T21:36:16.940+0000] {processor.py:208} INFO - Processing /opt/airflow/dags/app.py took 0.140 seconds
[2024-11-11T21:36:46.969+0000] {processor.py:186} INFO - Started process (PID=229) to work on /opt/airflow/dags/app.py
[2024-11-11T21:36:46.970+0000] {processor.py:914} INFO - Processing file /opt/airflow/dags/app.py for tasks to queue
[2024-11-11T21:36:46.971+0000] {logging_mixin.py:190} INFO - [2024-11-11T21:36:46.970+0000] {dagbag.py:588} INFO - Filling up the DagBag from /opt/airflow/dags/app.py
[2024-11-11T21:36:47.035+0000] {processor.py:925} INFO - DAG(s) 'fetch_and_store_amazon_books' retrieved from /opt/airflow/dags/app.py
[2024-11-11T21:36:47.045+0000] {logging_mixin.py:190} INFO - [2024-11-11T21:36:47.045+0000] {dag.py:3239} INFO - Sync 1 DAGs
[2024-11-11T21:36:47.060+0000] {processor.py:208} INFO - Processing /opt/airflow/dags/app.py took 0.094 seconds
[2024-11-11T21:37:17.770+0000] {processor.py:186} INFO - Started process (PID=289) to work on /opt/airflow/dags/app.py
[2024-11-11T21:37:17.775+0000] {processor.py:914} INFO - Processing file /opt/airflow/dags/app.py for tasks to queue
[2024-11-11T21:37:17.782+0000] {logging_mixin.py:190} INFO - [2024-11-11T21:37:17.781+0000] {dagbag.py:588} INFO - Filling up the DagBag from /opt/airflow/dags/app.py
[2024-11-11T21:37:17.869+0000] {processor.py:925} INFO - DAG(s) 'fetch_and_store_amazon_books' retrieved from /opt/airflow/dags/app.py
[2024-11-11T21:37:17.879+0000] {logging_mixin.py:190} INFO - [2024-11-11T21:37:17.879+0000] {dag.py:3239} INFO - Sync 1 DAGs
[2024-11-11T21:37:17.901+0000] {processor.py:208} INFO - Processing /opt/airflow/dags/app.py took 0.141 seconds
[2024-11-11T21:37:48.015+0000] {processor.py:186} INFO - Started process (PID=352) to work on /opt/airflow/dags/app.py
[2024-11-11T21:37:48.017+0000] {processor.py:914} INFO - Processing file /opt/airflow/dags/app.py for tasks to queue
[2024-11-11T21:37:48.021+0000] {logging_mixin.py:190} INFO - [2024-11-11T21:37:48.020+0000] {dagbag.py:588} INFO - Filling up the DagBag from /opt/airflow/dags/app.py
[2024-11-11T21:37:48.100+0000] {processor.py:925} INFO - DAG(s) 'fetch_and_store_amazon_books' retrieved from /opt/airflow/dags/app.py
[2024-11-11T21:37:48.115+0000] {logging_mixin.py:190} INFO - [2024-11-11T21:37:48.115+0000] {dag.py:3239} INFO - Sync 1 DAGs
[2024-11-11T21:37:48.146+0000] {processor.py:208} INFO - Processing /opt/airflow/dags/app.py took 0.138 seconds
[2024-11-11T21:38:18.288+0000] {processor.py:186} INFO - Started process (PID=417) to work on /opt/airflow/dags/app.py
[2024-11-11T21:38:18.289+0000] {processor.py:914} INFO - Processing file /opt/airflow/dags/app.py for tasks to queue
[2024-11-11T21:38:18.290+0000] {logging_mixin.py:190} INFO - [2024-11-11T21:38:18.290+0000] {dagbag.py:588} INFO - Filling up the DagBag from /opt/airflow/dags/app.py
[2024-11-11T21:38:18.395+0000] {processor.py:925} INFO - DAG(s) 'fetch_and_store_amazon_books' retrieved from /opt/airflow/dags/app.py
[2024-11-11T21:38:18.413+0000] {logging_mixin.py:190} INFO - [2024-11-11T21:38:18.413+0000] {dag.py:3239} INFO - Sync 1 DAGs
[2024-11-11T21:38:18.436+0000] {processor.py:208} INFO - Processing /opt/airflow/dags/app.py took 0.151 seconds
[2024-11-11T21:38:48.634+0000] {processor.py:186} INFO - Started process (PID=480) to work on /opt/airflow/dags/app.py
[2024-11-11T21:38:48.635+0000] {processor.py:914} INFO - Processing file /opt/airflow/dags/app.py for tasks to queue
[2024-11-11T21:38:48.639+0000] {logging_mixin.py:190} INFO - [2024-11-11T21:38:48.638+0000] {dagbag.py:588} INFO - Filling up the DagBag from /opt/airflow/dags/app.py
[2024-11-11T21:38:48.708+0000] {processor.py:925} INFO - DAG(s) 'fetch_and_store_amazon_books' retrieved from /opt/airflow/dags/app.py
[2024-11-11T21:38:48.717+0000] {logging_mixin.py:190} INFO - [2024-11-11T21:38:48.717+0000] {dag.py:3239} INFO - Sync 1 DAGs
[2024-11-11T21:38:48.734+0000] {processor.py:208} INFO - Processing /opt/airflow/dags/app.py took 0.106 seconds
[2024-11-11T21:39:19.727+0000] {processor.py:186} INFO - Started process (PID=544) to work on /opt/airflow/dags/app.py
[2024-11-11T21:39:19.728+0000] {processor.py:914} INFO - Processing file /opt/airflow/dags/app.py for tasks to queue
[2024-11-11T21:39:19.732+0000] {logging_mixin.py:190} INFO - [2024-11-11T21:39:19.732+0000] {dagbag.py:588} INFO - Filling up the DagBag from /opt/airflow/dags/app.py
[2024-11-11T21:39:19.822+0000] {processor.py:925} INFO - DAG(s) 'fetch_and_store_amazon_books' retrieved from /opt/airflow/dags/app.py
[2024-11-11T21:39:19.835+0000] {logging_mixin.py:190} INFO - [2024-11-11T21:39:19.835+0000] {dag.py:3239} INFO - Sync 1 DAGs
[2024-11-11T21:39:19.866+0000] {processor.py:208} INFO - Processing /opt/airflow/dags/app.py took 0.157 seconds
[2024-11-11T21:39:50.030+0000] {processor.py:186} INFO - Started process (PID=608) to work on /opt/airflow/dags/app.py
[2024-11-11T21:39:50.032+0000] {processor.py:914} INFO - Processing file /opt/airflow/dags/app.py for tasks to queue
[2024-11-11T21:39:50.045+0000] {logging_mixin.py:190} INFO - [2024-11-11T21:39:50.044+0000] {dagbag.py:588} INFO - Filling up the DagBag from /opt/airflow/dags/app.py
[2024-11-11T21:39:50.132+0000] {processor.py:925} INFO - DAG(s) 'fetch_and_store_amazon_books' retrieved from /opt/airflow/dags/app.py
[2024-11-11T21:39:50.142+0000] {logging_mixin.py:190} INFO - [2024-11-11T21:39:50.142+0000] {dag.py:3239} INFO - Sync 1 DAGs
[2024-11-11T21:39:50.161+0000] {processor.py:208} INFO - Processing /opt/airflow/dags/app.py took 0.143 seconds
[2024-11-11T21:40:21.097+0000] {processor.py:186} INFO - Started process (PID=672) to work on /opt/airflow/dags/app.py
[2024-11-11T21:40:21.102+0000] {processor.py:914} INFO - Processing file /opt/airflow/dags/app.py for tasks to queue
[2024-11-11T21:40:21.116+0000] {logging_mixin.py:190} INFO - [2024-11-11T21:40:21.116+0000] {dagbag.py:588} INFO - Filling up the DagBag from /opt/airflow/dags/app.py
[2024-11-11T21:40:21.204+0000] {processor.py:925} INFO - DAG(s) 'fetch_and_store_amazon_books' retrieved from /opt/airflow/dags/app.py
[2024-11-11T21:40:21.215+0000] {logging_mixin.py:190} INFO - [2024-11-11T21:40:21.215+0000] {dag.py:3239} INFO - Sync 1 DAGs
[2024-11-11T21:40:21.233+0000] {processor.py:208} INFO - Processing /opt/airflow/dags/app.py took 0.152 seconds
[2024-11-11T21:40:51.880+0000] {processor.py:186} INFO - Started process (PID=736) to work on /opt/airflow/dags/app.py
[2024-11-11T21:40:51.889+0000] {processor.py:914} INFO - Processing file /opt/airflow/dags/app.py for tasks to queue
[2024-11-11T21:40:51.892+0000] {logging_mixin.py:190} INFO - [2024-11-11T21:40:51.892+0000] {dagbag.py:588} INFO - Filling up the DagBag from /opt/airflow/dags/app.py
[2024-11-11T21:40:51.973+0000] {processor.py:925} INFO - DAG(s) 'fetch_and_store_amazon_books' retrieved from /opt/airflow/dags/app.py
[2024-11-11T21:40:51.984+0000] {logging_mixin.py:190} INFO - [2024-11-11T21:40:51.983+0000] {dag.py:3239} INFO - Sync 1 DAGs
[2024-11-11T21:40:52.003+0000] {processor.py:208} INFO - Processing /opt/airflow/dags/app.py took 0.135 seconds
[2024-11-11T21:41:22.418+0000] {processor.py:186} INFO - Started process (PID=800) to work on /opt/airflow/dags/app.py
[2024-11-11T21:41:22.424+0000] {processor.py:914} INFO - Processing file /opt/airflow/dags/app.py for tasks to queue
[2024-11-11T21:41:22.437+0000] {logging_mixin.py:190} INFO - [2024-11-11T21:41:22.435+0000] {dagbag.py:588} INFO - Filling up the DagBag from /opt/airflow/dags/app.py
[2024-11-11T21:41:22.523+0000] {processor.py:925} INFO - DAG(s) 'fetch_and_store_amazon_books' retrieved from /opt/airflow/dags/app.py
[2024-11-11T21:41:22.537+0000] {logging_mixin.py:190} INFO - [2024-11-11T21:41:22.536+0000] {dag.py:3239} INFO - Sync 1 DAGs
[2024-11-11T21:41:22.555+0000] {processor.py:208} INFO - Processing /opt/airflow/dags/app.py took 0.150 seconds
[2024-11-11T21:41:53.098+0000] {processor.py:186} INFO - Started process (PID=864) to work on /opt/airflow/dags/app.py
[2024-11-11T21:41:53.102+0000] {processor.py:914} INFO - Processing file /opt/airflow/dags/app.py for tasks to queue
[2024-11-11T21:41:53.115+0000] {logging_mixin.py:190} INFO - [2024-11-11T21:41:53.113+0000] {dagbag.py:588} INFO - Filling up the DagBag from /opt/airflow/dags/app.py
[2024-11-11T21:41:53.215+0000] {processor.py:925} INFO - DAG(s) 'fetch_and_store_amazon_books' retrieved from /opt/airflow/dags/app.py
[2024-11-11T21:41:53.228+0000] {logging_mixin.py:190} INFO - [2024-11-11T21:41:53.227+0000] {dag.py:3239} INFO - Sync 1 DAGs
[2024-11-11T21:41:53.240+0000] {logging_mixin.py:190} INFO - [2024-11-11T21:41:53.240+0000] {dag.py:4180} INFO - Setting next_dagrun for fetch_and_store_amazon_books to 2024-07-05 00:00:00+00:00, run_after=2024-07-06 00:00:00+00:00
[2024-11-11T21:41:53.247+0000] {processor.py:208} INFO - Processing /opt/airflow/dags/app.py took 0.166 seconds
[2024-11-11T21:42:23.815+0000] {processor.py:186} INFO - Started process (PID=935) to work on /opt/airflow/dags/app.py
[2024-11-11T21:42:23.817+0000] {processor.py:914} INFO - Processing file /opt/airflow/dags/app.py for tasks to queue
[2024-11-11T21:42:23.820+0000] {logging_mixin.py:190} INFO - [2024-11-11T21:42:23.819+0000] {dagbag.py:588} INFO - Filling up the DagBag from /opt/airflow/dags/app.py
[2024-11-11T21:42:23.881+0000] {processor.py:925} INFO - DAG(s) 'fetch_and_store_amazon_books' retrieved from /opt/airflow/dags/app.py
[2024-11-11T21:42:23.890+0000] {logging_mixin.py:190} INFO - [2024-11-11T21:42:23.890+0000] {dag.py:3239} INFO - Sync 1 DAGs
[2024-11-11T21:42:23.899+0000] {logging_mixin.py:190} INFO - [2024-11-11T21:42:23.899+0000] {dag.py:4180} INFO - Setting next_dagrun for fetch_and_store_amazon_books to 2024-07-10 00:00:00+00:00, run_after=2024-07-11 00:00:00+00:00
[2024-11-11T21:42:23.910+0000] {processor.py:208} INFO - Processing /opt/airflow/dags/app.py took 0.101 seconds
[2024-11-11T21:42:53.947+0000] {processor.py:186} INFO - Started process (PID=1003) to work on /opt/airflow/dags/app.py
[2024-11-11T21:42:53.948+0000] {processor.py:914} INFO - Processing file /opt/airflow/dags/app.py for tasks to queue
[2024-11-11T21:42:53.949+0000] {logging_mixin.py:190} INFO - [2024-11-11T21:42:53.949+0000] {dagbag.py:588} INFO - Filling up the DagBag from /opt/airflow/dags/app.py
[2024-11-11T21:42:54.019+0000] {processor.py:925} INFO - DAG(s) 'fetch_and_store_amazon_books' retrieved from /opt/airflow/dags/app.py
[2024-11-11T21:42:54.029+0000] {logging_mixin.py:190} INFO - [2024-11-11T21:42:54.029+0000] {dag.py:3239} INFO - Sync 1 DAGs
[2024-11-11T21:42:54.048+0000] {processor.py:208} INFO - Processing /opt/airflow/dags/app.py took 0.104 seconds
[2024-11-11T21:45:16.163+0000] {processor.py:186} INFO - Started process (PID=1270) to work on /opt/airflow/dags/app.py
[2024-11-11T21:45:16.164+0000] {processor.py:914} INFO - Processing file /opt/airflow/dags/app.py for tasks to queue
[2024-11-11T21:45:16.166+0000] {logging_mixin.py:190} INFO - [2024-11-11T21:45:16.165+0000] {dagbag.py:588} INFO - Filling up the DagBag from /opt/airflow/dags/app.py
[2024-11-11T21:45:16.268+0000] {processor.py:925} INFO - DAG(s) 'fetch_and_store_amazon_books' retrieved from /opt/airflow/dags/app.py
[2024-11-11T21:45:16.345+0000] {logging_mixin.py:190} INFO - [2024-11-11T21:45:16.344+0000] {dag.py:3239} INFO - Sync 1 DAGs
[2024-11-11T21:45:16.353+0000] {logging_mixin.py:190} INFO - [2024-11-11T21:45:16.353+0000] {dag.py:3262} INFO - Creating ORM DAG for fetch_and_store_amazon_books
[2024-11-11T21:45:16.359+0000] {logging_mixin.py:190} INFO - [2024-11-11T21:45:16.359+0000] {dag.py:4180} INFO - Setting next_dagrun for fetch_and_store_amazon_books to 2024-06-20 00:00:00+00:00, run_after=2024-06-21 00:00:00+00:00
[2024-11-11T21:45:16.368+0000] {processor.py:208} INFO - Processing /opt/airflow/dags/app.py took 0.213 seconds
[2024-11-11T21:45:46.727+0000] {processor.py:186} INFO - Started process (PID=1334) to work on /opt/airflow/dags/app.py
[2024-11-11T21:45:46.729+0000] {processor.py:914} INFO - Processing file /opt/airflow/dags/app.py for tasks to queue
[2024-11-11T21:45:46.731+0000] {logging_mixin.py:190} INFO - [2024-11-11T21:45:46.731+0000] {dagbag.py:588} INFO - Filling up the DagBag from /opt/airflow/dags/app.py
[2024-11-11T21:45:46.821+0000] {processor.py:925} INFO - DAG(s) 'fetch_and_store_amazon_books' retrieved from /opt/airflow/dags/app.py
[2024-11-11T21:45:46.838+0000] {logging_mixin.py:190} INFO - [2024-11-11T21:45:46.838+0000] {dag.py:3239} INFO - Sync 1 DAGs
[2024-11-11T21:45:46.868+0000] {logging_mixin.py:190} INFO - [2024-11-11T21:45:46.868+0000] {dag.py:4180} INFO - Setting next_dagrun for fetch_and_store_amazon_books to 2024-06-20 00:00:00+00:00, run_after=2024-06-21 00:00:00+00:00
[2024-11-11T21:45:46.880+0000] {processor.py:208} INFO - Processing /opt/airflow/dags/app.py took 0.167 seconds
[2024-11-11T21:45:54.823+0000] {processor.py:186} INFO - Started process (PID=1335) to work on /opt/airflow/dags/app.py
[2024-11-11T21:45:54.825+0000] {processor.py:914} INFO - Processing file /opt/airflow/dags/app.py for tasks to queue
[2024-11-11T21:45:54.826+0000] {logging_mixin.py:190} INFO - [2024-11-11T21:45:54.826+0000] {dagbag.py:588} INFO - Filling up the DagBag from /opt/airflow/dags/app.py
[2024-11-11T21:45:54.896+0000] {processor.py:925} INFO - DAG(s) 'fetch_and_store_amazon_books' retrieved from /opt/airflow/dags/app.py
[2024-11-11T21:45:54.969+0000] {logging_mixin.py:190} INFO - [2024-11-11T21:45:54.969+0000] {dag.py:3239} INFO - Sync 1 DAGs
[2024-11-11T21:45:54.982+0000] {logging_mixin.py:190} INFO - [2024-11-11T21:45:54.982+0000] {dag.py:4180} INFO - Setting next_dagrun for fetch_and_store_amazon_books to 2024-11-11 00:00:00+00:00, run_after=2024-11-12 00:00:00+00:00
[2024-11-11T21:45:55.306+0000] {processor.py:208} INFO - Processing /opt/airflow/dags/app.py took 0.489 seconds
[2024-11-11T21:46:25.985+0000] {processor.py:186} INFO - Started process (PID=1399) to work on /opt/airflow/dags/app.py
[2024-11-11T21:46:25.988+0000] {processor.py:914} INFO - Processing file /opt/airflow/dags/app.py for tasks to queue
[2024-11-11T21:46:25.993+0000] {logging_mixin.py:190} INFO - [2024-11-11T21:46:25.992+0000] {dagbag.py:588} INFO - Filling up the DagBag from /opt/airflow/dags/app.py
[2024-11-11T21:46:26.198+0000] {processor.py:925} INFO - DAG(s) 'fetch_and_store_amazon_books' retrieved from /opt/airflow/dags/app.py
[2024-11-11T21:46:26.250+0000] {logging_mixin.py:190} INFO - [2024-11-11T21:46:26.249+0000] {dag.py:3239} INFO - Sync 1 DAGs
[2024-11-11T21:46:26.293+0000] {logging_mixin.py:190} INFO - [2024-11-11T21:46:26.291+0000] {dag.py:4180} INFO - Setting next_dagrun for fetch_and_store_amazon_books to 2024-11-11 00:00:00+00:00, run_after=2024-11-12 00:00:00+00:00
[2024-11-11T21:46:26.328+0000] {processor.py:208} INFO - Processing /opt/airflow/dags/app.py took 0.360 seconds
[2024-11-11T21:46:56.745+0000] {processor.py:186} INFO - Started process (PID=1462) to work on /opt/airflow/dags/app.py
[2024-11-11T21:46:56.747+0000] {processor.py:914} INFO - Processing file /opt/airflow/dags/app.py for tasks to queue
[2024-11-11T21:46:56.764+0000] {logging_mixin.py:190} INFO - [2024-11-11T21:46:56.763+0000] {dagbag.py:588} INFO - Filling up the DagBag from /opt/airflow/dags/app.py
[2024-11-11T21:46:56.855+0000] {processor.py:925} INFO - DAG(s) 'fetch_and_store_amazon_books' retrieved from /opt/airflow/dags/app.py
[2024-11-11T21:46:56.871+0000] {logging_mixin.py:190} INFO - [2024-11-11T21:46:56.871+0000] {dag.py:3239} INFO - Sync 1 DAGs
[2024-11-11T21:46:56.886+0000] {logging_mixin.py:190} INFO - [2024-11-11T21:46:56.886+0000] {dag.py:4180} INFO - Setting next_dagrun for fetch_and_store_amazon_books to 2024-11-11 00:00:00+00:00, run_after=2024-11-12 00:00:00+00:00
[2024-11-11T21:46:56.899+0000] {processor.py:208} INFO - Processing /opt/airflow/dags/app.py took 0.171 seconds
[2024-11-11T21:47:27.328+0000] {processor.py:186} INFO - Started process (PID=1526) to work on /opt/airflow/dags/app.py
[2024-11-11T21:47:27.330+0000] {processor.py:914} INFO - Processing file /opt/airflow/dags/app.py for tasks to queue
[2024-11-11T21:47:27.332+0000] {logging_mixin.py:190} INFO - [2024-11-11T21:47:27.331+0000] {dagbag.py:588} INFO - Filling up the DagBag from /opt/airflow/dags/app.py
[2024-11-11T21:47:27.416+0000] {processor.py:925} INFO - DAG(s) 'fetch_and_store_amazon_books' retrieved from /opt/airflow/dags/app.py
[2024-11-11T21:47:27.433+0000] {logging_mixin.py:190} INFO - [2024-11-11T21:47:27.433+0000] {dag.py:3239} INFO - Sync 1 DAGs
[2024-11-11T21:47:27.451+0000] {logging_mixin.py:190} INFO - [2024-11-11T21:47:27.451+0000] {dag.py:4180} INFO - Setting next_dagrun for fetch_and_store_amazon_books to 2024-11-11 00:00:00+00:00, run_after=2024-11-12 00:00:00+00:00
[2024-11-11T21:47:27.471+0000] {processor.py:208} INFO - Processing /opt/airflow/dags/app.py took 0.153 seconds
[2024-11-11T21:47:57.733+0000] {processor.py:186} INFO - Started process (PID=1590) to work on /opt/airflow/dags/app.py
[2024-11-11T21:47:57.735+0000] {processor.py:914} INFO - Processing file /opt/airflow/dags/app.py for tasks to queue
[2024-11-11T21:47:57.737+0000] {logging_mixin.py:190} INFO - [2024-11-11T21:47:57.736+0000] {dagbag.py:588} INFO - Filling up the DagBag from /opt/airflow/dags/app.py
[2024-11-11T21:47:57.824+0000] {processor.py:925} INFO - DAG(s) 'fetch_and_store_amazon_books' retrieved from /opt/airflow/dags/app.py
[2024-11-11T21:47:57.851+0000] {logging_mixin.py:190} INFO - [2024-11-11T21:47:57.851+0000] {dag.py:3239} INFO - Sync 1 DAGs
[2024-11-11T21:47:57.869+0000] {logging_mixin.py:190} INFO - [2024-11-11T21:47:57.869+0000] {dag.py:4180} INFO - Setting next_dagrun for fetch_and_store_amazon_books to 2024-11-11 00:00:00+00:00, run_after=2024-11-12 00:00:00+00:00
[2024-11-11T21:47:57.879+0000] {processor.py:208} INFO - Processing /opt/airflow/dags/app.py took 0.158 seconds
[2024-11-11T21:48:27.988+0000] {processor.py:186} INFO - Started process (PID=1653) to work on /opt/airflow/dags/app.py
[2024-11-11T21:48:27.990+0000] {processor.py:914} INFO - Processing file /opt/airflow/dags/app.py for tasks to queue
[2024-11-11T21:48:27.992+0000] {logging_mixin.py:190} INFO - [2024-11-11T21:48:27.991+0000] {dagbag.py:588} INFO - Filling up the DagBag from /opt/airflow/dags/app.py
[2024-11-11T21:48:28.075+0000] {processor.py:925} INFO - DAG(s) 'fetch_and_store_amazon_books' retrieved from /opt/airflow/dags/app.py
[2024-11-11T21:48:28.091+0000] {logging_mixin.py:190} INFO - [2024-11-11T21:48:28.091+0000] {dag.py:3239} INFO - Sync 1 DAGs
[2024-11-11T21:48:28.119+0000] {logging_mixin.py:190} INFO - [2024-11-11T21:48:28.119+0000] {dag.py:4180} INFO - Setting next_dagrun for fetch_and_store_amazon_books to 2024-11-11 00:00:00+00:00, run_after=2024-11-12 00:00:00+00:00
[2024-11-11T21:48:28.129+0000] {processor.py:208} INFO - Processing /opt/airflow/dags/app.py took 0.153 seconds
[2024-11-11T21:48:58.312+0000] {processor.py:186} INFO - Started process (PID=1716) to work on /opt/airflow/dags/app.py
[2024-11-11T21:48:58.313+0000] {processor.py:914} INFO - Processing file /opt/airflow/dags/app.py for tasks to queue
[2024-11-11T21:48:58.316+0000] {logging_mixin.py:190} INFO - [2024-11-11T21:48:58.315+0000] {dagbag.py:588} INFO - Filling up the DagBag from /opt/airflow/dags/app.py
[2024-11-11T21:48:58.425+0000] {processor.py:925} INFO - DAG(s) 'fetch_and_store_amazon_books' retrieved from /opt/airflow/dags/app.py
[2024-11-11T21:48:58.443+0000] {logging_mixin.py:190} INFO - [2024-11-11T21:48:58.442+0000] {dag.py:3239} INFO - Sync 1 DAGs
[2024-11-11T21:48:58.459+0000] {logging_mixin.py:190} INFO - [2024-11-11T21:48:58.459+0000] {dag.py:4180} INFO - Setting next_dagrun for fetch_and_store_amazon_books to 2024-11-11 00:00:00+00:00, run_after=2024-11-12 00:00:00+00:00
[2024-11-11T21:48:58.468+0000] {processor.py:208} INFO - Processing /opt/airflow/dags/app.py took 0.165 seconds
[2024-11-11T21:49:29.548+0000] {processor.py:186} INFO - Started process (PID=1780) to work on /opt/airflow/dags/app.py
[2024-11-11T21:49:29.550+0000] {processor.py:914} INFO - Processing file /opt/airflow/dags/app.py for tasks to queue
[2024-11-11T21:49:29.552+0000] {logging_mixin.py:190} INFO - [2024-11-11T21:49:29.551+0000] {dagbag.py:588} INFO - Filling up the DagBag from /opt/airflow/dags/app.py
[2024-11-11T21:49:29.649+0000] {processor.py:925} INFO - DAG(s) 'fetch_and_store_amazon_books' retrieved from /opt/airflow/dags/app.py
[2024-11-11T21:49:29.664+0000] {logging_mixin.py:190} INFO - [2024-11-11T21:49:29.664+0000] {dag.py:3239} INFO - Sync 1 DAGs
[2024-11-11T21:49:29.675+0000] {logging_mixin.py:190} INFO - [2024-11-11T21:49:29.675+0000] {dag.py:4180} INFO - Setting next_dagrun for fetch_and_store_amazon_books to 2024-11-11 00:00:00+00:00, run_after=2024-11-12 00:00:00+00:00
[2024-11-11T21:49:29.682+0000] {processor.py:208} INFO - Processing /opt/airflow/dags/app.py took 0.147 seconds
[2024-11-11T21:50:00.257+0000] {processor.py:186} INFO - Started process (PID=1844) to work on /opt/airflow/dags/app.py
[2024-11-11T21:50:00.259+0000] {processor.py:914} INFO - Processing file /opt/airflow/dags/app.py for tasks to queue
[2024-11-11T21:50:00.261+0000] {logging_mixin.py:190} INFO - [2024-11-11T21:50:00.260+0000] {dagbag.py:588} INFO - Filling up the DagBag from /opt/airflow/dags/app.py
[2024-11-11T21:50:00.366+0000] {processor.py:925} INFO - DAG(s) 'fetch_and_store_amazon_books' retrieved from /opt/airflow/dags/app.py
[2024-11-11T21:50:00.395+0000] {logging_mixin.py:190} INFO - [2024-11-11T21:50:00.395+0000] {dag.py:3239} INFO - Sync 1 DAGs
[2024-11-11T21:50:00.407+0000] {logging_mixin.py:190} INFO - [2024-11-11T21:50:00.407+0000] {dag.py:4180} INFO - Setting next_dagrun for fetch_and_store_amazon_books to 2024-11-11 00:00:00+00:00, run_after=2024-11-12 00:00:00+00:00
[2024-11-11T21:50:00.415+0000] {processor.py:208} INFO - Processing /opt/airflow/dags/app.py took 0.170 seconds
[2024-11-11T21:50:30.986+0000] {processor.py:186} INFO - Started process (PID=1908) to work on /opt/airflow/dags/app.py
[2024-11-11T21:50:30.987+0000] {processor.py:914} INFO - Processing file /opt/airflow/dags/app.py for tasks to queue
[2024-11-11T21:50:30.989+0000] {logging_mixin.py:190} INFO - [2024-11-11T21:50:30.989+0000] {dagbag.py:588} INFO - Filling up the DagBag from /opt/airflow/dags/app.py
[2024-11-11T21:50:31.096+0000] {processor.py:925} INFO - DAG(s) 'fetch_and_store_amazon_books' retrieved from /opt/airflow/dags/app.py
[2024-11-11T21:50:31.113+0000] {logging_mixin.py:190} INFO - [2024-11-11T21:50:31.113+0000] {dag.py:3239} INFO - Sync 1 DAGs
[2024-11-11T21:50:31.125+0000] {logging_mixin.py:190} INFO - [2024-11-11T21:50:31.125+0000] {dag.py:4180} INFO - Setting next_dagrun for fetch_and_store_amazon_books to 2024-11-11 00:00:00+00:00, run_after=2024-11-12 00:00:00+00:00
[2024-11-11T21:50:31.133+0000] {processor.py:208} INFO - Processing /opt/airflow/dags/app.py took 0.167 seconds
[2024-11-11T21:51:02.088+0000] {processor.py:186} INFO - Started process (PID=1971) to work on /opt/airflow/dags/app.py
[2024-11-11T21:51:02.090+0000] {processor.py:914} INFO - Processing file /opt/airflow/dags/app.py for tasks to queue
[2024-11-11T21:51:02.093+0000] {logging_mixin.py:190} INFO - [2024-11-11T21:51:02.092+0000] {dagbag.py:588} INFO - Filling up the DagBag from /opt/airflow/dags/app.py
[2024-11-11T21:51:02.182+0000] {processor.py:925} INFO - DAG(s) 'fetch_and_store_amazon_books' retrieved from /opt/airflow/dags/app.py
[2024-11-11T21:51:02.194+0000] {logging_mixin.py:190} INFO - [2024-11-11T21:51:02.194+0000] {dag.py:3239} INFO - Sync 1 DAGs
[2024-11-11T21:51:02.206+0000] {logging_mixin.py:190} INFO - [2024-11-11T21:51:02.206+0000] {dag.py:4180} INFO - Setting next_dagrun for fetch_and_store_amazon_books to 2024-11-11 00:00:00+00:00, run_after=2024-11-12 00:00:00+00:00
[2024-11-11T21:51:02.217+0000] {processor.py:208} INFO - Processing /opt/airflow/dags/app.py took 0.144 seconds
[2024-11-11T21:51:32.375+0000] {processor.py:186} INFO - Started process (PID=2035) to work on /opt/airflow/dags/app.py
[2024-11-11T21:51:32.377+0000] {processor.py:914} INFO - Processing file /opt/airflow/dags/app.py for tasks to queue
[2024-11-11T21:51:32.379+0000] {logging_mixin.py:190} INFO - [2024-11-11T21:51:32.378+0000] {dagbag.py:588} INFO - Filling up the DagBag from /opt/airflow/dags/app.py
[2024-11-11T21:51:32.481+0000] {processor.py:925} INFO - DAG(s) 'fetch_and_store_amazon_books' retrieved from /opt/airflow/dags/app.py
[2024-11-11T21:51:32.496+0000] {logging_mixin.py:190} INFO - [2024-11-11T21:51:32.496+0000] {dag.py:3239} INFO - Sync 1 DAGs
[2024-11-11T21:51:32.508+0000] {logging_mixin.py:190} INFO - [2024-11-11T21:51:32.508+0000] {dag.py:4180} INFO - Setting next_dagrun for fetch_and_store_amazon_books to 2024-11-11 00:00:00+00:00, run_after=2024-11-12 00:00:00+00:00
[2024-11-11T21:51:32.515+0000] {processor.py:208} INFO - Processing /opt/airflow/dags/app.py took 0.151 seconds
[2024-11-11T21:52:03.096+0000] {processor.py:186} INFO - Started process (PID=2099) to work on /opt/airflow/dags/app.py
[2024-11-11T21:52:03.101+0000] {processor.py:914} INFO - Processing file /opt/airflow/dags/app.py for tasks to queue
[2024-11-11T21:52:03.105+0000] {logging_mixin.py:190} INFO - [2024-11-11T21:52:03.104+0000] {dagbag.py:588} INFO - Filling up the DagBag from /opt/airflow/dags/app.py
[2024-11-11T21:52:03.209+0000] {processor.py:925} INFO - DAG(s) 'fetch_and_store_amazon_books' retrieved from /opt/airflow/dags/app.py
[2024-11-11T21:52:03.225+0000] {logging_mixin.py:190} INFO - [2024-11-11T21:52:03.225+0000] {dag.py:3239} INFO - Sync 1 DAGs
[2024-11-11T21:52:03.236+0000] {logging_mixin.py:190} INFO - [2024-11-11T21:52:03.236+0000] {dag.py:4180} INFO - Setting next_dagrun for fetch_and_store_amazon_books to 2024-11-11 00:00:00+00:00, run_after=2024-11-12 00:00:00+00:00
[2024-11-11T21:52:03.243+0000] {processor.py:208} INFO - Processing /opt/airflow/dags/app.py took 0.169 seconds
[2024-11-11T21:52:33.614+0000] {processor.py:186} INFO - Started process (PID=2169) to work on /opt/airflow/dags/app.py
[2024-11-11T21:52:33.620+0000] {processor.py:914} INFO - Processing file /opt/airflow/dags/app.py for tasks to queue
[2024-11-11T21:52:33.623+0000] {logging_mixin.py:190} INFO - [2024-11-11T21:52:33.622+0000] {dagbag.py:588} INFO - Filling up the DagBag from /opt/airflow/dags/app.py
[2024-11-11T21:52:33.734+0000] {processor.py:925} INFO - DAG(s) 'fetch_and_store_amazon_books' retrieved from /opt/airflow/dags/app.py
[2024-11-11T21:52:33.748+0000] {logging_mixin.py:190} INFO - [2024-11-11T21:52:33.748+0000] {dag.py:3239} INFO - Sync 1 DAGs
[2024-11-11T21:52:34.002+0000] {logging_mixin.py:190} INFO - [2024-11-11T21:52:34.001+0000] {dag.py:4180} INFO - Setting next_dagrun for fetch_and_store_amazon_books to 2024-11-11 00:00:00+00:00, run_after=2024-11-12 00:00:00+00:00
[2024-11-11T21:52:34.008+0000] {processor.py:208} INFO - Processing /opt/airflow/dags/app.py took 0.413 seconds
[2024-11-11T21:53:04.254+0000] {processor.py:186} INFO - Started process (PID=2233) to work on /opt/airflow/dags/app.py
[2024-11-11T21:53:04.257+0000] {processor.py:914} INFO - Processing file /opt/airflow/dags/app.py for tasks to queue
[2024-11-11T21:53:04.263+0000] {logging_mixin.py:190} INFO - [2024-11-11T21:53:04.261+0000] {dagbag.py:588} INFO - Filling up the DagBag from /opt/airflow/dags/app.py
[2024-11-11T21:53:04.378+0000] {processor.py:925} INFO - DAG(s) 'fetch_and_store_amazon_books' retrieved from /opt/airflow/dags/app.py
[2024-11-11T21:53:04.394+0000] {logging_mixin.py:190} INFO - [2024-11-11T21:53:04.394+0000] {dag.py:3239} INFO - Sync 1 DAGs
[2024-11-11T21:53:04.622+0000] {logging_mixin.py:190} INFO - [2024-11-11T21:53:04.622+0000] {dag.py:4180} INFO - Setting next_dagrun for fetch_and_store_amazon_books to 2024-11-11 00:00:00+00:00, run_after=2024-11-12 00:00:00+00:00
[2024-11-11T21:53:04.628+0000] {processor.py:208} INFO - Processing /opt/airflow/dags/app.py took 0.389 seconds
[2024-11-11T21:53:35.001+0000] {processor.py:186} INFO - Started process (PID=2297) to work on /opt/airflow/dags/app.py
[2024-11-11T21:53:35.003+0000] {processor.py:914} INFO - Processing file /opt/airflow/dags/app.py for tasks to queue
[2024-11-11T21:53:35.005+0000] {logging_mixin.py:190} INFO - [2024-11-11T21:53:35.005+0000] {dagbag.py:588} INFO - Filling up the DagBag from /opt/airflow/dags/app.py
[2024-11-11T21:53:35.115+0000] {processor.py:925} INFO - DAG(s) 'fetch_and_store_amazon_books' retrieved from /opt/airflow/dags/app.py
[2024-11-11T21:53:35.130+0000] {logging_mixin.py:190} INFO - [2024-11-11T21:53:35.129+0000] {dag.py:3239} INFO - Sync 1 DAGs
[2024-11-11T21:53:35.371+0000] {logging_mixin.py:190} INFO - [2024-11-11T21:53:35.371+0000] {dag.py:4180} INFO - Setting next_dagrun for fetch_and_store_amazon_books to 2024-11-11 00:00:00+00:00, run_after=2024-11-12 00:00:00+00:00
[2024-11-11T21:53:35.378+0000] {processor.py:208} INFO - Processing /opt/airflow/dags/app.py took 0.388 seconds
[2024-11-11T21:54:05.966+0000] {processor.py:186} INFO - Started process (PID=2361) to work on /opt/airflow/dags/app.py
[2024-11-11T21:54:05.970+0000] {processor.py:914} INFO - Processing file /opt/airflow/dags/app.py for tasks to queue
[2024-11-11T21:54:05.972+0000] {logging_mixin.py:190} INFO - [2024-11-11T21:54:05.972+0000] {dagbag.py:588} INFO - Filling up the DagBag from /opt/airflow/dags/app.py
[2024-11-11T21:54:06.092+0000] {processor.py:925} INFO - DAG(s) 'fetch_and_store_amazon_books' retrieved from /opt/airflow/dags/app.py
[2024-11-11T21:54:06.111+0000] {logging_mixin.py:190} INFO - [2024-11-11T21:54:06.110+0000] {dag.py:3239} INFO - Sync 1 DAGs
[2024-11-11T21:54:06.404+0000] {logging_mixin.py:190} INFO - [2024-11-11T21:54:06.404+0000] {dag.py:4180} INFO - Setting next_dagrun for fetch_and_store_amazon_books to 2024-11-11 00:00:00+00:00, run_after=2024-11-12 00:00:00+00:00
[2024-11-11T21:54:06.411+0000] {processor.py:208} INFO - Processing /opt/airflow/dags/app.py took 0.464 seconds
[2024-11-11T21:54:36.509+0000] {processor.py:186} INFO - Started process (PID=2428) to work on /opt/airflow/dags/app.py
[2024-11-11T21:54:36.510+0000] {processor.py:914} INFO - Processing file /opt/airflow/dags/app.py for tasks to queue
[2024-11-11T21:54:36.510+0000] {logging_mixin.py:190} INFO - [2024-11-11T21:54:36.510+0000] {dagbag.py:588} INFO - Filling up the DagBag from /opt/airflow/dags/app.py
[2024-11-11T21:54:36.563+0000] {processor.py:925} INFO - DAG(s) 'fetch_and_store_amazon_books' retrieved from /opt/airflow/dags/app.py
[2024-11-11T21:54:36.572+0000] {logging_mixin.py:190} INFO - [2024-11-11T21:54:36.571+0000] {dag.py:3239} INFO - Sync 1 DAGs
[2024-11-11T21:54:36.811+0000] {logging_mixin.py:190} INFO - [2024-11-11T21:54:36.811+0000] {dag.py:4180} INFO - Setting next_dagrun for fetch_and_store_amazon_books to 2024-11-11 00:00:00+00:00, run_after=2024-11-12 00:00:00+00:00
[2024-11-11T21:54:36.818+0000] {processor.py:208} INFO - Processing /opt/airflow/dags/app.py took 0.312 seconds
[2024-11-11T21:55:07.141+0000] {processor.py:186} INFO - Started process (PID=2489) to work on /opt/airflow/dags/app.py
[2024-11-11T21:55:07.143+0000] {processor.py:914} INFO - Processing file /opt/airflow/dags/app.py for tasks to queue
[2024-11-11T21:55:07.145+0000] {logging_mixin.py:190} INFO - [2024-11-11T21:55:07.144+0000] {dagbag.py:588} INFO - Filling up the DagBag from /opt/airflow/dags/app.py
[2024-11-11T21:55:07.524+0000] {processor.py:925} INFO - DAG(s) 'fetch_and_store_amazon_books' retrieved from /opt/airflow/dags/app.py
[2024-11-11T21:55:07.546+0000] {logging_mixin.py:190} INFO - [2024-11-11T21:55:07.545+0000] {dag.py:3239} INFO - Sync 1 DAGs
[2024-11-11T21:55:07.560+0000] {logging_mixin.py:190} INFO - [2024-11-11T21:55:07.560+0000] {dag.py:4180} INFO - Setting next_dagrun for fetch_and_store_amazon_books to 2024-11-11 00:00:00+00:00, run_after=2024-11-12 00:00:00+00:00
[2024-11-11T21:55:07.567+0000] {processor.py:208} INFO - Processing /opt/airflow/dags/app.py took 0.454 seconds
[2024-11-11T21:55:37.802+0000] {processor.py:186} INFO - Started process (PID=2553) to work on /opt/airflow/dags/app.py
[2024-11-11T21:55:37.805+0000] {processor.py:914} INFO - Processing file /opt/airflow/dags/app.py for tasks to queue
[2024-11-11T21:55:37.807+0000] {logging_mixin.py:190} INFO - [2024-11-11T21:55:37.807+0000] {dagbag.py:588} INFO - Filling up the DagBag from /opt/airflow/dags/app.py
[2024-11-11T21:55:38.309+0000] {processor.py:925} INFO - DAG(s) 'fetch_and_store_amazon_books' retrieved from /opt/airflow/dags/app.py
[2024-11-11T21:55:38.317+0000] {logging_mixin.py:190} INFO - [2024-11-11T21:55:38.317+0000] {dag.py:3239} INFO - Sync 1 DAGs
[2024-11-11T21:55:38.324+0000] {logging_mixin.py:190} INFO - [2024-11-11T21:55:38.324+0000] {dag.py:4180} INFO - Setting next_dagrun for fetch_and_store_amazon_books to 2024-11-11 00:00:00+00:00, run_after=2024-11-12 00:00:00+00:00
[2024-11-11T21:55:38.330+0000] {processor.py:208} INFO - Processing /opt/airflow/dags/app.py took 0.571 seconds
