[2024-11-11T21:46:26.326+0000] {local_task_job_runner.py:123} INFO - ::group::Pre task execution logs
[2024-11-11T21:46:26.352+0000] {taskinstance.py:2613} INFO - Dependencies all met for dep_context=non-requeueable deps ti=<TaskInstance: fetch_and_store_amazon_books.fetch_book_data manual__2024-11-11T21:46:20.982054+00:00 [queued]>
[2024-11-11T21:46:26.366+0000] {taskinstance.py:2613} INFO - Dependencies all met for dep_context=requeueable deps ti=<TaskInstance: fetch_and_store_amazon_books.fetch_book_data manual__2024-11-11T21:46:20.982054+00:00 [queued]>
[2024-11-11T21:46:26.367+0000] {taskinstance.py:2866} INFO - Starting attempt 1 of 2
[2024-11-11T21:46:26.387+0000] {taskinstance.py:2889} INFO - Executing <Task(PythonOperator): fetch_book_data> on 2024-11-11 21:46:20.982054+00:00
[2024-11-11T21:46:26.416+0000] {warnings.py:112} WARNING - /home/***/.local/lib/python3.12/site-packages/***/task/task_runner/standard_task_runner.py:70: DeprecationWarning: This process (pid=275) is multi-threaded, use of fork() may lead to deadlocks in the child.
  pid = os.fork()

[2024-11-11T21:46:26.422+0000] {standard_task_runner.py:72} INFO - Started process 283 to run task
[2024-11-11T21:46:26.425+0000] {standard_task_runner.py:104} INFO - Running: ['***', 'tasks', 'run', 'fetch_and_store_amazon_books', 'fetch_book_data', 'manual__2024-11-11T21:46:20.982054+00:00', '--job-id', '37', '--raw', '--subdir', 'DAGS_FOLDER/app.py', '--cfg-path', '/tmp/tmp5gfyt913']
[2024-11-11T21:46:26.429+0000] {standard_task_runner.py:105} INFO - Job 37: Subtask fetch_book_data
[2024-11-11T21:46:26.511+0000] {task_command.py:467} INFO - Running <TaskInstance: fetch_and_store_amazon_books.fetch_book_data manual__2024-11-11T21:46:20.982054+00:00 [running]> on host 1c507ca650f0
[2024-11-11T21:46:26.593+0000] {taskinstance.py:3132} INFO - Exporting env vars: AIRFLOW_CTX_DAG_OWNER='***' AIRFLOW_CTX_DAG_ID='fetch_and_store_amazon_books' AIRFLOW_CTX_TASK_ID='fetch_book_data' AIRFLOW_CTX_EXECUTION_DATE='2024-11-11T21:46:20.982054+00:00' AIRFLOW_CTX_TRY_NUMBER='1' AIRFLOW_CTX_DAG_RUN_ID='manual__2024-11-11T21:46:20.982054+00:00'
[2024-11-11T21:46:26.596+0000] {logging_mixin.py:190} INFO - Task instance is in running state
[2024-11-11T21:46:26.596+0000] {logging_mixin.py:190} INFO -  Previous state of the Task instance: queued
[2024-11-11T21:46:26.597+0000] {logging_mixin.py:190} INFO - Current task name:fetch_book_data state:running start_date:2024-11-11 21:46:26.352715+00:00
[2024-11-11T21:46:26.597+0000] {logging_mixin.py:190} INFO - Dag name:fetch_and_store_amazon_books and current dag run status:running
[2024-11-11T21:46:26.598+0000] {taskinstance.py:731} INFO - ::endgroup::
[2024-11-11T21:46:29.349+0000] {python.py:240} INFO - Done. Returned value was: None
[2024-11-11T21:46:29.357+0000] {taskinstance.py:340} INFO - ::group::Post task execution logs
[2024-11-11T21:46:29.359+0000] {taskinstance.py:352} INFO - Marking task as SUCCESS. dag_id=fetch_and_store_amazon_books, task_id=fetch_book_data, run_id=manual__2024-11-11T21:46:20.982054+00:00, execution_date=20241111T214620, start_date=20241111T214626, end_date=20241111T214629
[2024-11-11T21:46:29.380+0000] {logging_mixin.py:190} INFO - Task instance in success state
[2024-11-11T21:46:29.380+0000] {logging_mixin.py:190} INFO -  Previous state of the Task instance: running
[2024-11-11T21:46:29.381+0000] {logging_mixin.py:190} INFO - Dag name:fetch_and_store_amazon_books queued_at:2024-11-11 21:46:21.047218+00:00
[2024-11-11T21:46:29.381+0000] {logging_mixin.py:190} INFO - Task hostname:1c507ca650f0 operator:PythonOperator
[2024-11-11T21:46:29.412+0000] {local_task_job_runner.py:266} INFO - Task exited with return code 0
[2024-11-11T21:46:29.459+0000] {taskinstance.py:3895} INFO - 1 downstream tasks scheduled from follow-on schedule check
[2024-11-11T21:46:29.462+0000] {local_task_job_runner.py:245} INFO - ::endgroup::
