[2024-11-11T21:41:13.151+0000] {local_task_job_runner.py:123} INFO - ::group::Pre task execution logs
[2024-11-11T21:41:13.159+0000] {taskinstance.py:2613} INFO - Dependencies all met for dep_context=non-requeueable deps ti=<TaskInstance: fetch_and_store_amazon_books.fetch_book_data scheduled__2024-06-28T00:00:00+00:00 [queued]>
[2024-11-11T21:41:13.162+0000] {taskinstance.py:2613} INFO - Dependencies all met for dep_context=requeueable deps ti=<TaskInstance: fetch_and_store_amazon_books.fetch_book_data scheduled__2024-06-28T00:00:00+00:00 [queued]>
[2024-11-11T21:41:13.163+0000] {taskinstance.py:2866} INFO - Starting attempt 6 of 7
[2024-11-11T21:41:13.170+0000] {taskinstance.py:2889} INFO - Executing <Task(PythonOperator): fetch_book_data> on 2024-06-28 00:00:00+00:00
[2024-11-11T21:41:13.179+0000] {warnings.py:112} WARNING - /home/***/.local/lib/python3.12/site-packages/***/task/task_runner/standard_task_runner.py:70: DeprecationWarning: This process (pid=163) is multi-threaded, use of fork() may lead to deadlocks in the child.
  pid = os.fork()

[2024-11-11T21:41:13.180+0000] {standard_task_runner.py:72} INFO - Started process 164 to run task
[2024-11-11T21:41:13.181+0000] {standard_task_runner.py:104} INFO - Running: ['***', 'tasks', 'run', 'fetch_and_store_amazon_books', 'fetch_book_data', 'scheduled__2024-06-28T00:00:00+00:00', '--job-id', '21', '--raw', '--subdir', 'DAGS_FOLDER/app.py', '--cfg-path', '/tmp/tmph17ebj01']
[2024-11-11T21:41:13.182+0000] {standard_task_runner.py:105} INFO - Job 21: Subtask fetch_book_data
[2024-11-11T21:41:13.208+0000] {task_command.py:467} INFO - Running <TaskInstance: fetch_and_store_amazon_books.fetch_book_data scheduled__2024-06-28T00:00:00+00:00 [running]> on host 1c507ca650f0
[2024-11-11T21:41:13.242+0000] {taskinstance.py:3132} INFO - Exporting env vars: AIRFLOW_CTX_DAG_OWNER='***' AIRFLOW_CTX_DAG_ID='fetch_and_store_amazon_books' AIRFLOW_CTX_TASK_ID='fetch_book_data' AIRFLOW_CTX_EXECUTION_DATE='2024-06-28T00:00:00+00:00' AIRFLOW_CTX_TRY_NUMBER='6' AIRFLOW_CTX_DAG_RUN_ID='scheduled__2024-06-28T00:00:00+00:00'
[2024-11-11T21:41:13.243+0000] {logging_mixin.py:190} INFO - Task instance is in running state
[2024-11-11T21:41:13.244+0000] {logging_mixin.py:190} INFO -  Previous state of the Task instance: queued
[2024-11-11T21:41:13.244+0000] {logging_mixin.py:190} INFO - Current task name:fetch_book_data state:running start_date:2024-11-11 21:41:13.160212+00:00
[2024-11-11T21:41:13.244+0000] {logging_mixin.py:190} INFO - Dag name:fetch_and_store_amazon_books and current dag run status:running
[2024-11-11T21:41:13.244+0000] {taskinstance.py:731} INFO - ::endgroup::
[2024-11-11T21:41:15.588+0000] {python.py:240} INFO - Done. Returned value was: None
[2024-11-11T21:41:15.593+0000] {taskinstance.py:340} INFO - ::group::Post task execution logs
[2024-11-11T21:41:15.593+0000] {taskinstance.py:352} INFO - Marking task as SUCCESS. dag_id=fetch_and_store_amazon_books, task_id=fetch_book_data, run_id=scheduled__2024-06-28T00:00:00+00:00, execution_date=20240628T000000, start_date=20241111T214113, end_date=20241111T214115
[2024-11-11T21:41:15.597+0000] {logging_mixin.py:190} INFO - Task instance in success state
[2024-11-11T21:41:15.597+0000] {logging_mixin.py:190} INFO -  Previous state of the Task instance: running
[2024-11-11T21:41:15.597+0000] {logging_mixin.py:190} INFO - Dag name:fetch_and_store_amazon_books queued_at:2024-11-11 21:29:13.177014+00:00
[2024-11-11T21:41:15.597+0000] {logging_mixin.py:190} INFO - Task hostname:1c507ca650f0 operator:PythonOperator
[2024-11-11T21:41:15.636+0000] {local_task_job_runner.py:266} INFO - Task exited with return code 0
[2024-11-11T21:41:15.664+0000] {taskinstance.py:3895} INFO - 1 downstream tasks scheduled from follow-on schedule check
[2024-11-11T21:41:15.665+0000] {local_task_job_runner.py:245} INFO - ::endgroup::
