[2024-11-13T01:17:56.349+0000] {local_task_job_runner.py:123} INFO - ::group::Pre task execution logs
[2024-11-13T01:17:56.365+0000] {taskinstance.py:2613} INFO - Dependencies all met for dep_context=non-requeueable deps ti=<TaskInstance: fetch_and_store_amazon_books.fetch_book_data manual__2024-11-13T01:17:52.477942+00:00 [queued]>
[2024-11-13T01:17:56.370+0000] {taskinstance.py:2613} INFO - Dependencies all met for dep_context=requeueable deps ti=<TaskInstance: fetch_and_store_amazon_books.fetch_book_data manual__2024-11-13T01:17:52.477942+00:00 [queued]>
[2024-11-13T01:17:56.370+0000] {taskinstance.py:2866} INFO - Starting attempt 1 of 2
[2024-11-13T01:17:56.388+0000] {taskinstance.py:2889} INFO - Executing <Task(PythonOperator): fetch_book_data> on 2024-11-13 01:17:52.477942+00:00
[2024-11-13T01:17:56.405+0000] {warnings.py:112} WARNING - /home/***/.local/lib/python3.12/site-packages/***/task/task_runner/standard_task_runner.py:70: DeprecationWarning: This process (pid=1159) is multi-threaded, use of fork() may lead to deadlocks in the child.
  pid = os.fork()

[2024-11-13T01:17:56.407+0000] {standard_task_runner.py:72} INFO - Started process 1160 to run task
[2024-11-13T01:17:56.409+0000] {standard_task_runner.py:104} INFO - Running: ['***', 'tasks', 'run', 'fetch_and_store_amazon_books', 'fetch_book_data', 'manual__2024-11-13T01:17:52.477942+00:00', '--job-id', '58', '--raw', '--subdir', 'DAGS_FOLDER/app.py', '--cfg-path', '/tmp/tmpmrj021ub']
[2024-11-13T01:17:56.410+0000] {standard_task_runner.py:105} INFO - Job 58: Subtask fetch_book_data
[2024-11-13T01:17:56.453+0000] {task_command.py:467} INFO - Running <TaskInstance: fetch_and_store_amazon_books.fetch_book_data manual__2024-11-13T01:17:52.477942+00:00 [running]> on host 9f460307b2f7
[2024-11-13T01:17:56.524+0000] {taskinstance.py:3132} INFO - Exporting env vars: AIRFLOW_CTX_DAG_OWNER='***' AIRFLOW_CTX_DAG_ID='fetch_and_store_amazon_books' AIRFLOW_CTX_TASK_ID='fetch_book_data' AIRFLOW_CTX_EXECUTION_DATE='2024-11-13T01:17:52.477942+00:00' AIRFLOW_CTX_TRY_NUMBER='1' AIRFLOW_CTX_DAG_RUN_ID='manual__2024-11-13T01:17:52.477942+00:00'
[2024-11-13T01:17:56.526+0000] {logging_mixin.py:190} INFO - Task instance is in running state
[2024-11-13T01:17:56.526+0000] {logging_mixin.py:190} INFO -  Previous state of the Task instance: queued
[2024-11-13T01:17:56.526+0000] {logging_mixin.py:190} INFO - Current task name:fetch_book_data state:running start_date:2024-11-13 01:17:56.365760+00:00
[2024-11-13T01:17:56.527+0000] {logging_mixin.py:190} INFO - Dag name:fetch_and_store_amazon_books and current dag run status:running
[2024-11-13T01:17:56.527+0000] {taskinstance.py:731} INFO - ::endgroup::
[2024-11-13T01:17:56.686+0000] {logging_mixin.py:190} INFO - Failed to retrieve the page
[2024-11-13T01:17:56.705+0000] {python.py:240} INFO - Done. Returned value was: None
[2024-11-13T01:17:56.712+0000] {taskinstance.py:340} INFO - ::group::Post task execution logs
[2024-11-13T01:17:56.712+0000] {taskinstance.py:352} INFO - Marking task as SUCCESS. dag_id=fetch_and_store_amazon_books, task_id=fetch_book_data, run_id=manual__2024-11-13T01:17:52.477942+00:00, execution_date=20241113T011752, start_date=20241113T011756, end_date=20241113T011756
[2024-11-13T01:17:56.721+0000] {logging_mixin.py:190} INFO - Task instance in success state
[2024-11-13T01:17:56.722+0000] {logging_mixin.py:190} INFO -  Previous state of the Task instance: running
[2024-11-13T01:17:56.722+0000] {logging_mixin.py:190} INFO - Dag name:fetch_and_store_amazon_books queued_at:2024-11-13 01:17:52.544353+00:00
[2024-11-13T01:17:56.723+0000] {logging_mixin.py:190} INFO - Task hostname:9f460307b2f7 operator:PythonOperator
[2024-11-13T01:17:56.756+0000] {local_task_job_runner.py:266} INFO - Task exited with return code 0
[2024-11-13T01:17:56.777+0000] {taskinstance.py:3895} INFO - 1 downstream tasks scheduled from follow-on schedule check
[2024-11-13T01:17:56.778+0000] {local_task_job_runner.py:245} INFO - ::endgroup::
