[2024-11-11T21:40:58.299+0000] {local_task_job_runner.py:123} INFO - ::group::Pre task execution logs
[2024-11-11T21:40:58.308+0000] {taskinstance.py:2613} INFO - Dependencies all met for dep_context=non-requeueable deps ti=<TaskInstance: fetch_and_store_amazon_books.create_table scheduled__2024-06-28T00:00:00+00:00 [queued]>
[2024-11-11T21:40:58.311+0000] {taskinstance.py:2613} INFO - Dependencies all met for dep_context=requeueable deps ti=<TaskInstance: fetch_and_store_amazon_books.create_table scheduled__2024-06-28T00:00:00+00:00 [queued]>
[2024-11-11T21:40:58.311+0000] {taskinstance.py:2866} INFO - Starting attempt 1 of 2
[2024-11-11T21:40:58.316+0000] {taskinstance.py:2889} INFO - Executing <Task(PostgresOperator): create_table> on 2024-06-28 00:00:00+00:00
[2024-11-11T21:40:58.325+0000] {warnings.py:112} WARNING - /home/***/.local/lib/python3.12/site-packages/***/task/task_runner/standard_task_runner.py:70: DeprecationWarning: This process (pid=150) is multi-threaded, use of fork() may lead to deadlocks in the child.
  pid = os.fork()

[2024-11-11T21:40:58.326+0000] {standard_task_runner.py:72} INFO - Started process 151 to run task
[2024-11-11T21:40:58.327+0000] {standard_task_runner.py:104} INFO - Running: ['***', 'tasks', 'run', 'fetch_and_store_amazon_books', 'create_table', 'scheduled__2024-06-28T00:00:00+00:00', '--job-id', '16', '--raw', '--subdir', 'DAGS_FOLDER/app.py', '--cfg-path', '/tmp/tmpu8v_d3kz']
[2024-11-11T21:40:58.328+0000] {standard_task_runner.py:105} INFO - Job 16: Subtask create_table
[2024-11-11T21:40:58.353+0000] {task_command.py:467} INFO - Running <TaskInstance: fetch_and_store_amazon_books.create_table scheduled__2024-06-28T00:00:00+00:00 [running]> on host 1c507ca650f0
[2024-11-11T21:40:58.402+0000] {taskinstance.py:3132} INFO - Exporting env vars: AIRFLOW_CTX_DAG_OWNER='***' AIRFLOW_CTX_DAG_ID='fetch_and_store_amazon_books' AIRFLOW_CTX_TASK_ID='create_table' AIRFLOW_CTX_EXECUTION_DATE='2024-06-28T00:00:00+00:00' AIRFLOW_CTX_TRY_NUMBER='1' AIRFLOW_CTX_DAG_RUN_ID='scheduled__2024-06-28T00:00:00+00:00'
[2024-11-11T21:40:58.403+0000] {logging_mixin.py:190} INFO - Task instance is in running state
[2024-11-11T21:40:58.403+0000] {logging_mixin.py:190} INFO -  Previous state of the Task instance: queued
[2024-11-11T21:40:58.403+0000] {logging_mixin.py:190} INFO - Current task name:create_table state:running start_date:2024-11-11 21:40:58.308311+00:00
[2024-11-11T21:40:58.404+0000] {logging_mixin.py:190} INFO - Dag name:fetch_and_store_amazon_books and current dag run status:running
[2024-11-11T21:40:58.404+0000] {taskinstance.py:731} INFO - ::endgroup::
[2024-11-11T21:40:58.404+0000] {sql.py:278} INFO - Executing: 
    CREATE TABLE IF NOT EXISTS books (
        id SERIAL PRIMARY KEY,
        title TEXT NOT NULL,
        authors TEXT,
        price TEXT,
        rating TEXT
    );
    
[2024-11-11T21:40:58.407+0000] {base.py:84} INFO - Retrieving connection 'books_connection'
[2024-11-11T21:40:58.410+0000] {base.py:84} INFO - Retrieving connection 'books_connection'
[2024-11-11T21:41:08.435+0000] {local_task_job_runner.py:346} WARNING - State of this instance has been externally set to restarting. Terminating instance.
[2024-11-11T21:41:08.436+0000] {local_task_job_runner.py:245} INFO - ::endgroup::
[2024-11-11T21:41:08.438+0000] {process_utils.py:132} INFO - Sending 15 to group 151. PIDs of all processes in the group: [151]
[2024-11-11T21:41:08.438+0000] {process_utils.py:87} INFO - Sending the signal 15 to group 151
[2024-11-11T21:42:08.453+0000] {process_utils.py:150} WARNING - process psutil.Process(pid=151, name='airflow task ru', status='sleeping', started='21:40:58') did not respond to SIGTERM. Trying SIGKILL
[2024-11-11T21:42:08.926+0000] {process_utils.py:87} INFO - Sending the signal 9 to group 151
[2024-11-11T21:42:08.997+0000] {process_utils.py:80} INFO - Process psutil.Process(pid=151, name='airflow task ru', status='terminated', exitcode=<Negsignal.SIGKILL: -9>, started='21:40:58') (151) terminated with exit code -9
[2024-11-11T21:42:09.028+0000] {standard_task_runner.py:190} ERROR - ('Job 19 was killed before it finished (likely due to running out of memory)', 'For more information, see https://***.apache.org/docs/apache-***/stable/troubleshooting.html#LocalTaskJob-killed')
