[2024-11-11T21:41:06.635+0000] {local_task_job_runner.py:123} INFO - ::group::Pre task execution logs
[2024-11-11T21:41:06.643+0000] {taskinstance.py:2613} INFO - Dependencies all met for dep_context=non-requeueable deps ti=<TaskInstance: fetch_and_store_amazon_books.create_table scheduled__2024-06-28T00:00:00+00:00 [queued]>
[2024-11-11T21:41:06.647+0000] {taskinstance.py:2613} INFO - Dependencies all met for dep_context=requeueable deps ti=<TaskInstance: fetch_and_store_amazon_books.create_table scheduled__2024-06-28T00:00:00+00:00 [queued]>
[2024-11-11T21:41:06.647+0000] {taskinstance.py:2866} INFO - Starting attempt 2 of 3
[2024-11-11T21:41:06.652+0000] {taskinstance.py:2889} INFO - Executing <Task(PostgresOperator): create_table> on 2024-06-28 00:00:00+00:00
[2024-11-11T21:41:06.658+0000] {warnings.py:112} WARNING - /home/***/.local/lib/python3.12/site-packages/***/task/task_runner/standard_task_runner.py:70: DeprecationWarning: This process (pid=157) is multi-threaded, use of fork() may lead to deadlocks in the child.
  pid = os.fork()

[2024-11-11T21:41:06.660+0000] {standard_task_runner.py:72} INFO - Started process 158 to run task
[2024-11-11T21:41:06.661+0000] {standard_task_runner.py:104} INFO - Running: ['***', 'tasks', 'run', 'fetch_and_store_amazon_books', 'create_table', 'scheduled__2024-06-28T00:00:00+00:00', '--job-id', '19', '--raw', '--subdir', 'DAGS_FOLDER/app.py', '--cfg-path', '/tmp/tmpv8ok0vyp']
[2024-11-11T21:41:06.662+0000] {standard_task_runner.py:105} INFO - Job 19: Subtask create_table
[2024-11-11T21:41:06.698+0000] {task_command.py:467} INFO - Running <TaskInstance: fetch_and_store_amazon_books.create_table scheduled__2024-06-28T00:00:00+00:00 [running]> on host 1c507ca650f0
[2024-11-11T21:41:06.746+0000] {taskinstance.py:3132} INFO - Exporting env vars: AIRFLOW_CTX_DAG_OWNER='***' AIRFLOW_CTX_DAG_ID='fetch_and_store_amazon_books' AIRFLOW_CTX_TASK_ID='create_table' AIRFLOW_CTX_EXECUTION_DATE='2024-06-28T00:00:00+00:00' AIRFLOW_CTX_TRY_NUMBER='2' AIRFLOW_CTX_DAG_RUN_ID='scheduled__2024-06-28T00:00:00+00:00'
[2024-11-11T21:41:06.749+0000] {logging_mixin.py:190} INFO - Task instance is in running state
[2024-11-11T21:41:06.752+0000] {logging_mixin.py:190} INFO -  Previous state of the Task instance: queued
[2024-11-11T21:41:06.752+0000] {logging_mixin.py:190} INFO - Current task name:create_table state:running start_date:2024-11-11 21:41:06.644137+00:00
[2024-11-11T21:41:06.752+0000] {logging_mixin.py:190} INFO - Dag name:fetch_and_store_amazon_books and current dag run status:running
[2024-11-11T21:41:06.753+0000] {taskinstance.py:731} INFO - ::endgroup::
[2024-11-11T21:41:06.753+0000] {sql.py:278} INFO - Executing: 
    CREATE TABLE IF NOT EXISTS books (
        id SERIAL PRIMARY KEY,
        title TEXT NOT NULL,
        authors TEXT,
        price TEXT,
        rating TEXT
    );
    
[2024-11-11T21:41:06.779+0000] {base.py:84} INFO - Retrieving connection 'books_connection'
[2024-11-11T21:41:06.790+0000] {base.py:84} INFO - Retrieving connection 'books_connection'
[2024-11-11T21:41:16.787+0000] {local_task_job_runner.py:346} WARNING - State of this instance has been externally set to queued. Terminating instance.
[2024-11-11T21:41:16.789+0000] {local_task_job_runner.py:245} INFO - ::endgroup::
[2024-11-11T21:41:16.790+0000] {process_utils.py:132} INFO - Sending 15 to group 158. PIDs of all processes in the group: [158]
[2024-11-11T21:41:16.791+0000] {process_utils.py:87} INFO - Sending the signal 15 to group 158
[2024-11-11T21:42:16.800+0000] {process_utils.py:150} WARNING - process psutil.Process(pid=158, name='airflow task ru', status='sleeping', started='21:41:06') did not respond to SIGTERM. Trying SIGKILL
[2024-11-11T21:42:16.910+0000] {process_utils.py:87} INFO - Sending the signal 9 to group 158
[2024-11-11T21:42:16.990+0000] {process_utils.py:80} INFO - Process psutil.Process(pid=158, name='airflow task ru', status='terminated', exitcode=<Negsignal.SIGKILL: -9>, started='21:41:06') (158) terminated with exit code -9
[2024-11-11T21:42:17.016+0000] {standard_task_runner.py:190} ERROR - ('Job 19 was killed before it finished (likely due to running out of memory)', 'For more information, see https://***.apache.org/docs/apache-***/stable/troubleshooting.html#LocalTaskJob-killed')
