[2024-11-11T21:38:06.590+0000] {local_task_job_runner.py:123} INFO - ::group::Pre task execution logs
[2024-11-11T21:38:06.599+0000] {taskinstance.py:2613} INFO - Dependencies all met for dep_context=non-requeueable deps ti=<TaskInstance: fetch_and_store_amazon_books.fetch_book_data scheduled__2024-07-03T00:00:00+00:00 [queued]>
[2024-11-11T21:38:06.605+0000] {taskinstance.py:2613} INFO - Dependencies all met for dep_context=requeueable deps ti=<TaskInstance: fetch_and_store_amazon_books.fetch_book_data scheduled__2024-07-03T00:00:00+00:00 [queued]>
[2024-11-11T21:38:06.605+0000] {taskinstance.py:2866} INFO - Starting attempt 2 of 3
[2024-11-11T21:38:06.618+0000] {taskinstance.py:2889} INFO - Executing <Task(PythonOperator): fetch_book_data> on 2024-07-03 00:00:00+00:00
[2024-11-11T21:38:06.627+0000] {warnings.py:112} WARNING - /home/***/.local/lib/python3.12/site-packages/***/task/task_runner/standard_task_runner.py:70: DeprecationWarning: This process (pid=99) is multi-threaded, use of fork() may lead to deadlocks in the child.
  pid = os.fork()

[2024-11-11T21:38:06.628+0000] {standard_task_runner.py:72} INFO - Started process 100 to run task
[2024-11-11T21:38:06.629+0000] {standard_task_runner.py:104} INFO - Running: ['***', 'tasks', 'run', 'fetch_and_store_amazon_books', 'fetch_book_data', 'scheduled__2024-07-03T00:00:00+00:00', '--job-id', '13', '--raw', '--subdir', 'DAGS_FOLDER/app.py', '--cfg-path', '/tmp/tmpezhrv497']
[2024-11-11T21:38:06.631+0000] {standard_task_runner.py:105} INFO - Job 13: Subtask fetch_book_data
[2024-11-11T21:38:06.658+0000] {task_command.py:467} INFO - Running <TaskInstance: fetch_and_store_amazon_books.fetch_book_data scheduled__2024-07-03T00:00:00+00:00 [running]> on host 1c507ca650f0
[2024-11-11T21:38:06.711+0000] {taskinstance.py:3132} INFO - Exporting env vars: AIRFLOW_CTX_DAG_OWNER='***' AIRFLOW_CTX_DAG_ID='fetch_and_store_amazon_books' AIRFLOW_CTX_TASK_ID='fetch_book_data' AIRFLOW_CTX_EXECUTION_DATE='2024-07-03T00:00:00+00:00' AIRFLOW_CTX_TRY_NUMBER='2' AIRFLOW_CTX_DAG_RUN_ID='scheduled__2024-07-03T00:00:00+00:00'
[2024-11-11T21:38:06.713+0000] {logging_mixin.py:190} INFO - Task instance is in running state
[2024-11-11T21:38:06.714+0000] {logging_mixin.py:190} INFO -  Previous state of the Task instance: queued
[2024-11-11T21:38:06.714+0000] {logging_mixin.py:190} INFO - Current task name:fetch_book_data state:running start_date:2024-11-11 21:38:06.599912+00:00
[2024-11-11T21:38:06.714+0000] {logging_mixin.py:190} INFO - Dag name:fetch_and_store_amazon_books and current dag run status:running
[2024-11-11T21:38:06.714+0000] {taskinstance.py:731} INFO - ::endgroup::
[2024-11-11T21:38:08.152+0000] {python.py:240} INFO - Done. Returned value was: None
[2024-11-11T21:38:08.172+0000] {taskinstance.py:340} INFO - ::group::Post task execution logs
[2024-11-11T21:38:08.172+0000] {taskinstance.py:352} INFO - Marking task as SUCCESS. dag_id=fetch_and_store_amazon_books, task_id=fetch_book_data, run_id=scheduled__2024-07-03T00:00:00+00:00, execution_date=20240703T000000, start_date=20241111T213806, end_date=20241111T213808
[2024-11-11T21:38:08.198+0000] {logging_mixin.py:190} INFO - Task instance in success state
[2024-11-11T21:38:08.198+0000] {logging_mixin.py:190} INFO -  Previous state of the Task instance: running
[2024-11-11T21:38:08.199+0000] {logging_mixin.py:190} INFO - Dag name:fetch_and_store_amazon_books queued_at:2024-11-11 21:29:14.213593+00:00
[2024-11-11T21:38:08.199+0000] {logging_mixin.py:190} INFO - Task hostname:1c507ca650f0 operator:PythonOperator
[2024-11-11T21:38:08.211+0000] {local_task_job_runner.py:266} INFO - Task exited with return code 0
[2024-11-11T21:38:08.230+0000] {taskinstance.py:3895} INFO - 1 downstream tasks scheduled from follow-on schedule check
[2024-11-11T21:38:08.232+0000] {local_task_job_runner.py:245} INFO - ::endgroup::
