[2024-11-11T21:42:04.794+0000] {local_task_job_runner.py:123} INFO - ::group::Pre task execution logs
[2024-11-11T21:42:04.822+0000] {taskinstance.py:2613} INFO - Dependencies all met for dep_context=non-requeueable deps ti=<TaskInstance: fetch_and_store_amazon_books.fetch_book_data scheduled__2024-07-09T00:00:00+00:00 [queued]>
[2024-11-11T21:42:04.844+0000] {taskinstance.py:2613} INFO - Dependencies all met for dep_context=requeueable deps ti=<TaskInstance: fetch_and_store_amazon_books.fetch_book_data scheduled__2024-07-09T00:00:00+00:00 [queued]>
[2024-11-11T21:42:04.849+0000] {taskinstance.py:2866} INFO - Starting attempt 1 of 2
[2024-11-11T21:42:04.866+0000] {taskinstance.py:2889} INFO - Executing <Task(PythonOperator): fetch_book_data> on 2024-07-09 00:00:00+00:00
[2024-11-11T21:42:04.937+0000] {warnings.py:112} WARNING - /home/***/.local/lib/python3.12/site-packages/***/task/task_runner/standard_task_runner.py:70: DeprecationWarning: This process (pid=180) is multi-threaded, use of fork() may lead to deadlocks in the child.
  pid = os.fork()

[2024-11-11T21:42:04.954+0000] {standard_task_runner.py:72} INFO - Started process 191 to run task
[2024-11-11T21:42:04.948+0000] {standard_task_runner.py:104} INFO - Running: ['***', 'tasks', 'run', 'fetch_and_store_amazon_books', 'fetch_book_data', 'scheduled__2024-07-09T00:00:00+00:00', '--job-id', '23', '--raw', '--subdir', 'DAGS_FOLDER/app.py', '--cfg-path', '/tmp/tmpqpnwxc3m']
[2024-11-11T21:42:04.959+0000] {standard_task_runner.py:105} INFO - Job 23: Subtask fetch_book_data
[2024-11-11T21:42:05.347+0000] {task_command.py:467} INFO - Running <TaskInstance: fetch_and_store_amazon_books.fetch_book_data scheduled__2024-07-09T00:00:00+00:00 [running]> on host 1c507ca650f0
[2024-11-11T21:42:05.645+0000] {taskinstance.py:3132} INFO - Exporting env vars: AIRFLOW_CTX_DAG_OWNER='***' AIRFLOW_CTX_DAG_ID='fetch_and_store_amazon_books' AIRFLOW_CTX_TASK_ID='fetch_book_data' AIRFLOW_CTX_EXECUTION_DATE='2024-07-09T00:00:00+00:00' AIRFLOW_CTX_TRY_NUMBER='1' AIRFLOW_CTX_DAG_RUN_ID='scheduled__2024-07-09T00:00:00+00:00'
[2024-11-11T21:42:05.662+0000] {logging_mixin.py:190} INFO - Task instance is in running state
[2024-11-11T21:42:05.664+0000] {logging_mixin.py:190} INFO -  Previous state of the Task instance: queued
[2024-11-11T21:42:05.666+0000] {logging_mixin.py:190} INFO - Current task name:fetch_book_data state:running start_date:2024-11-11 21:42:04.824968+00:00
[2024-11-11T21:42:05.671+0000] {logging_mixin.py:190} INFO - Dag name:fetch_and_store_amazon_books and current dag run status:running
[2024-11-11T21:42:05.672+0000] {taskinstance.py:731} INFO - ::endgroup::
[2024-11-11T21:42:09.889+0000] {python.py:240} INFO - Done. Returned value was: None
[2024-11-11T21:42:10.029+0000] {taskinstance.py:340} INFO - ::group::Post task execution logs
[2024-11-11T21:42:10.034+0000] {taskinstance.py:352} INFO - Marking task as SUCCESS. dag_id=fetch_and_store_amazon_books, task_id=fetch_book_data, run_id=scheduled__2024-07-09T00:00:00+00:00, execution_date=20240709T000000, start_date=20241111T214204, end_date=20241111T214210
[2024-11-11T21:42:10.108+0000] {logging_mixin.py:190} INFO - Task instance in success state
[2024-11-11T21:42:10.112+0000] {logging_mixin.py:190} INFO -  Previous state of the Task instance: running
[2024-11-11T21:42:10.122+0000] {logging_mixin.py:190} INFO - Dag name:fetch_and_store_amazon_books queued_at:2024-11-11 21:41:53.811774+00:00
[2024-11-11T21:42:10.131+0000] {logging_mixin.py:190} INFO - Task hostname:1c507ca650f0 operator:PythonOperator
[2024-11-11T21:42:10.479+0000] {local_task_job_runner.py:266} INFO - Task exited with return code 0
[2024-11-11T21:42:10.603+0000] {taskinstance.py:3895} INFO - 1 downstream tasks scheduled from follow-on schedule check
[2024-11-11T21:42:10.608+0000] {local_task_job_runner.py:245} INFO - ::endgroup::
